Arguments: 
  /usr/bin/node /usr/bin/yarn add -D @aws-sdk

PATH: 
  /usr/local/bin:/usr/bin:/usr/local/sbin:/home/aj/.dotnet/tools:/usr/lib/jvm/default/bin:/usr/bin/site_perl:/usr/bin/vendor_perl:/usr/bin/core_perl:/home/aj/.local/share/JetBrains/Toolbox/scripts

Yarn version: 
  1.22.19

Node version: 
  18.6.0

Platform: 
  linux x64

Trace: 
  Error: https://registry.yarnpkg.com/@aws-sdk: Request "https://registry.yarnpkg.com/@aws-sdk" returned a 405
      at params.callback [as _callback] (/usr/lib/node_modules/yarn/lib/cli.js:66154:18)
      at self.callback (/usr/lib/node_modules/yarn/lib/cli.js:140890:22)
      at Request.emit (node:events:513:28)
      at Request.<anonymous> (/usr/lib/node_modules/yarn/lib/cli.js:141862:10)
      at Request.emit (node:events:513:28)
      at IncomingMessage.<anonymous> (/usr/lib/node_modules/yarn/lib/cli.js:141784:12)
      at Object.onceWrapper (node:events:627:28)
      at IncomingMessage.emit (node:events:525:35)
      at endReadableNT (node:internal/streams/readable:1359:12)
      at process.processTicksAndRejections (node:internal/process/task_queues:82:21)

npm manifest: 
  {
    "dependencies": {
      "@graphql-tools/schema": "^8.5.1",
      "dataloader": "^2.1.0",
      "dynamodb-onetable": "^2.3.8",
      "fastify": "^4.3.0",
      "graphql": "^16.5.0",
      "mercurius": "^10.1.0"
    },
    "devDependencies": {
      "@aws-sdk/client-dynamodb": "^3.141.0"
    }
  }

yarn manifest: 
  No manifest

Lockfile: 
  # THIS IS AN AUTOGENERATED FILE. DO NOT EDIT THIS FILE DIRECTLY.
  # yarn lockfile v1
  
  
  "@aws-crypto/ie11-detection@^2.0.0":
    version "2.0.0"
    resolved "https://registry.yarnpkg.com/@aws-crypto/ie11-detection/-/ie11-detection-2.0.0.tgz#bb6c2facf8f03457e949dcf0921477397ffa4c6e"
    integrity sha512-pkVXf/dq6PITJ0jzYZ69VhL8VFOFoPZLZqtU/12SGnzYuJOOGNfF41q9GxdI1yqC8R13Rq3jOLKDFpUJFT5eTA==
    dependencies:
      tslib "^1.11.1"
  
  "@aws-crypto/sha256-browser@2.0.0":
    version "2.0.0"
    resolved "https://registry.yarnpkg.com/@aws-crypto/sha256-browser/-/sha256-browser-2.0.0.tgz#741c9024df55ec59b51e5b1f5d806a4852699fb5"
    integrity sha512-rYXOQ8BFOaqMEHJrLHul/25ckWH6GTJtdLSajhlqGMx0PmSueAuvboCuZCTqEKlxR8CQOwRarxYMZZSYlhRA1A==
    dependencies:
      "@aws-crypto/ie11-detection" "^2.0.0"
      "@aws-crypto/sha256-js" "^2.0.0"
      "@aws-crypto/supports-web-crypto" "^2.0.0"
      "@aws-crypto/util" "^2.0.0"
      "@aws-sdk/types" "^3.1.0"
      "@aws-sdk/util-locate-window" "^3.0.0"
      "@aws-sdk/util-utf8-browser" "^3.0.0"
      tslib "^1.11.1"
  
  "@aws-crypto/sha256-js@2.0.0":
    version "2.0.0"
    resolved "https://registry.yarnpkg.com/@aws-crypto/sha256-js/-/sha256-js-2.0.0.tgz#f1f936039bdebd0b9e2dd834d65afdc2aac4efcb"
    integrity sha512-VZY+mCY4Nmrs5WGfitmNqXzaE873fcIZDu54cbaDaaamsaTOP1DBImV9F4pICc3EHjQXujyE8jig+PFCaew9ig==
    dependencies:
      "@aws-crypto/util" "^2.0.0"
      "@aws-sdk/types" "^3.1.0"
      tslib "^1.11.1"
  
  "@aws-crypto/sha256-js@^2.0.0":
    version "2.0.1"
    resolved "https://registry.yarnpkg.com/@aws-crypto/sha256-js/-/sha256-js-2.0.1.tgz#79e1e6cf61f652ef2089c08d471c722ecf1626a9"
    integrity sha512-mbHTBSPBvg6o/mN/c18Z/zifM05eJrapj5ggoOIeHIWckvkv5VgGi7r/wYpt+QAO2ySKXLNvH2d8L7bne4xrMQ==
    dependencies:
      "@aws-crypto/util" "^2.0.1"
      "@aws-sdk/types" "^3.1.0"
      tslib "^1.11.1"
  
  "@aws-crypto/supports-web-crypto@^2.0.0":
    version "2.0.0"
    resolved "https://registry.yarnpkg.com/@aws-crypto/supports-web-crypto/-/supports-web-crypto-2.0.0.tgz#fd6cde30b88f77d5a4f57b2c37c560d918014f9e"
    integrity sha512-Ge7WQ3E0OC7FHYprsZV3h0QIcpdyJLvIeg+uTuHqRYm8D6qCFJoiC+edSzSyFiHtZf+NOQDJ1q46qxjtzIY2nA==
    dependencies:
      tslib "^1.11.1"
  
  "@aws-crypto/util@^2.0.0", "@aws-crypto/util@^2.0.1":
    version "2.0.1"
    resolved "https://registry.yarnpkg.com/@aws-crypto/util/-/util-2.0.1.tgz#976cf619cf85084ca85ec5eb947a6ac6b8b5c98c"
    integrity sha512-JJmFFwvbm08lULw4Nm5QOLg8+lAQeC8aCXK5xrtxntYzYXCGfHwUJ4Is3770Q7HmICsXthGQ+ZsDL7C2uH3yBQ==
    dependencies:
      "@aws-sdk/types" "^3.1.0"
      "@aws-sdk/util-utf8-browser" "^3.0.0"
      tslib "^1.11.1"
  
  "@aws-sdk/abort-controller@3.127.0":
    version "3.127.0"
    resolved "https://registry.yarnpkg.com/@aws-sdk/abort-controller/-/abort-controller-3.127.0.tgz#60c98bffdb185d8eb5d3e43f30f57a32cc8687d6"
    integrity sha512-G77FLYcl9egUoD3ZmR6TX94NMqBMeT53hBGrEE3uVUJV1CwfGKfaF007mPpRZnIB3avnJBQGEK6MrwlCfv2qAw==
    dependencies:
      "@aws-sdk/types" "3.127.0"
      tslib "^2.3.1"
  
  "@aws-sdk/client-dynamodb@^3.141.0":
    version "3.141.0"
    resolved "https://registry.yarnpkg.com/@aws-sdk/client-dynamodb/-/client-dynamodb-3.141.0.tgz#e3490234331aef4b721410e030b69f32433a7965"
    integrity sha512-Hzx7rwTEs5ZIYZCR/gmtkdScuCFhIXH5hfL2CghVqzuQmDmfkO+ZrlNMyuy7LdoYamVQGl0W6GhJgODV6U1VuQ==
    dependencies:
      "@aws-crypto/sha256-browser" "2.0.0"
      "@aws-crypto/sha256-js" "2.0.0"
      "@aws-sdk/client-sts" "3.141.0"
      "@aws-sdk/config-resolver" "3.130.0"
      "@aws-sdk/credential-provider-node" "3.141.0"
      "@aws-sdk/fetch-http-handler" "3.131.0"
      "@aws-sdk/hash-node" "3.127.0"
      "@aws-sdk/invalid-dependency" "3.127.0"
      "@aws-sdk/middleware-content-length" "3.127.0"
      "@aws-sdk/middleware-endpoint-discovery" "3.130.0"
      "@aws-sdk/middleware-host-header" "3.127.0"
      "@aws-sdk/middleware-logger" "3.127.0"
      "@aws-sdk/middleware-recursion-detection" "3.127.0"
      "@aws-sdk/middleware-retry" "3.127.0"
      "@aws-sdk/middleware-serde" "3.127.0"
      "@aws-sdk/middleware-signing" "3.130.0"
      "@aws-sdk/middleware-stack" "3.127.0"
      "@aws-sdk/middleware-user-agent" "3.127.0"
      "@aws-sdk/node-config-provider" "3.127.0"
      "@aws-sdk/node-http-handler" "3.127.0"
      "@aws-sdk/protocol-http" "3.127.0"
      "@aws-sdk/smithy-client" "3.137.0"
      "@aws-sdk/types" "3.127.0"
      "@aws-sdk/url-parser" "3.127.0"
      "@aws-sdk/util-base64-browser" "3.109.0"
      "@aws-sdk/util-base64-node" "3.55.0"
      "@aws-sdk/util-body-length-browser" "3.55.0"
      "@aws-sdk/util-body-length-node" "3.55.0"
      "@aws-sdk/util-defaults-mode-browser" "3.137.0"
      "@aws-sdk/util-defaults-mode-node" "3.137.0"
      "@aws-sdk/util-user-agent-browser" "3.127.0"
      "@aws-sdk/util-user-agent-node" "3.127.0"
      "@aws-sdk/util-utf8-browser" "3.109.0"
      "@aws-sdk/util-utf8-node" "3.109.0"
      "@aws-sdk/util-waiter" "3.127.0"
      tslib "^2.3.1"
      uuid "^8.3.2"
  
  "@aws-sdk/client-dynamodb@^3.72.0":
    version "3.137.0"
    resolved "https://registry.yarnpkg.com/@aws-sdk/client-dynamodb/-/client-dynamodb-3.137.0.tgz#a36722d295f5eddc589dd07ae88ef22d6b94fbb0"
    integrity sha512-IvxyRP5eL4bZF6g4tie2v/+ftqH0uvZVS2lufILC/Efo+0qJ6adMG0mTCgAuEmsfLjkapor9CX0U54jlBE8JDw==
    dependencies:
      "@aws-crypto/sha256-browser" "2.0.0"
      "@aws-crypto/sha256-js" "2.0.0"
      "@aws-sdk/client-sts" "3.137.0"
      "@aws-sdk/config-resolver" "3.130.0"
      "@aws-sdk/credential-provider-node" "3.137.0"
      "@aws-sdk/fetch-http-handler" "3.131.0"
      "@aws-sdk/hash-node" "3.127.0"
      "@aws-sdk/invalid-dependency" "3.127.0"
      "@aws-sdk/middleware-content-length" "3.127.0"
      "@aws-sdk/middleware-endpoint-discovery" "3.130.0"
      "@aws-sdk/middleware-host-header" "3.127.0"
      "@aws-sdk/middleware-logger" "3.127.0"
      "@aws-sdk/middleware-recursion-detection" "3.127.0"
      "@aws-sdk/middleware-retry" "3.127.0"
      "@aws-sdk/middleware-serde" "3.127.0"
      "@aws-sdk/middleware-signing" "3.130.0"
      "@aws-sdk/middleware-stack" "3.127.0"
      "@aws-sdk/middleware-user-agent" "3.127.0"
      "@aws-sdk/node-config-provider" "3.127.0"
      "@aws-sdk/node-http-handler" "3.127.0"
      "@aws-sdk/protocol-http" "3.127.0"
      "@aws-sdk/smithy-client" "3.137.0"
      "@aws-sdk/types" "3.127.0"
      "@aws-sdk/url-parser" "3.127.0"
      "@aws-sdk/util-base64-browser" "3.109.0"
      "@aws-sdk/util-base64-node" "3.55.0"
      "@aws-sdk/util-body-length-browser" "3.55.0"
      "@aws-sdk/util-body-length-node" "3.55.0"
      "@aws-sdk/util-defaults-mode-browser" "3.137.0"
      "@aws-sdk/util-defaults-mode-node" "3.137.0"
      "@aws-sdk/util-user-agent-browser" "3.127.0"
      "@aws-sdk/util-user-agent-node" "3.127.0"
      "@aws-sdk/util-utf8-browser" "3.109.0"
      "@aws-sdk/util-utf8-node" "3.109.0"
      "@aws-sdk/util-waiter" "3.127.0"
      tslib "^2.3.1"
      uuid "^8.3.2"
  
  "@aws-sdk/client-sso@3.137.0":
    version "3.137.0"
    resolved "https://registry.yarnpkg.com/@aws-sdk/client-sso/-/client-sso-3.137.0.tgz#cc1c35de209a28ddfdeccc6e3e4658c76a355f73"
    integrity sha512-l9y9usMuXGI+o1c/VO2qMccN0Bm0T5bFmmbRljB6kIzbJYXD/wVqR8GMZwSnFnz52cnURQ4pgqM1ETg54FlBYQ==
    dependencies:
      "@aws-crypto/sha256-browser" "2.0.0"
      "@aws-crypto/sha256-js" "2.0.0"
      "@aws-sdk/config-resolver" "3.130.0"
      "@aws-sdk/fetch-http-handler" "3.131.0"
      "@aws-sdk/hash-node" "3.127.0"
      "@aws-sdk/invalid-dependency" "3.127.0"
      "@aws-sdk/middleware-content-length" "3.127.0"
      "@aws-sdk/middleware-host-header" "3.127.0"
      "@aws-sdk/middleware-logger" "3.127.0"
      "@aws-sdk/middleware-recursion-detection" "3.127.0"
      "@aws-sdk/middleware-retry" "3.127.0"
      "@aws-sdk/middleware-serde" "3.127.0"
      "@aws-sdk/middleware-stack" "3.127.0"
      "@aws-sdk/middleware-user-agent" "3.127.0"
      "@aws-sdk/node-config-provider" "3.127.0"
      "@aws-sdk/node-http-handler" "3.127.0"
      "@aws-sdk/protocol-http" "3.127.0"
      "@aws-sdk/smithy-client" "3.137.0"
      "@aws-sdk/types" "3.127.0"
      "@aws-sdk/url-parser" "3.127.0"
      "@aws-sdk/util-base64-browser" "3.109.0"
      "@aws-sdk/util-base64-node" "3.55.0"
      "@aws-sdk/util-body-length-browser" "3.55.0"
      "@aws-sdk/util-body-length-node" "3.55.0"
      "@aws-sdk/util-defaults-mode-browser" "3.137.0"
      "@aws-sdk/util-defaults-mode-node" "3.137.0"
      "@aws-sdk/util-user-agent-browser" "3.127.0"
      "@aws-sdk/util-user-agent-node" "3.127.0"
      "@aws-sdk/util-utf8-browser" "3.109.0"
      "@aws-sdk/util-utf8-node" "3.109.0"
      tslib "^2.3.1"
  
  "@aws-sdk/client-sso@3.141.0":
    version "3.141.0"
    resolved "https://registry.yarnpkg.com/@aws-sdk/client-sso/-/client-sso-3.141.0.tgz#8ff0edee8f4e7bf0958ae58fb1184948a1e37b0f"
    integrity sha512-/Nkj4I+Wdgtv3OMovskGJHrYQDlEvx2QblMjqIfgN5gaslFJYB4hA0ju7Xf4VHgLblBjFMxFxyXNa8Zq6vz1bQ==
    dependencies:
      "@aws-crypto/sha256-browser" "2.0.0"
      "@aws-crypto/sha256-js" "2.0.0"
      "@aws-sdk/config-resolver" "3.130.0"
      "@aws-sdk/fetch-http-handler" "3.131.0"
      "@aws-sdk/hash-node" "3.127.0"
      "@aws-sdk/invalid-dependency" "3.127.0"
      "@aws-sdk/middleware-content-length" "3.127.0"
      "@aws-sdk/middleware-host-header" "3.127.0"
      "@aws-sdk/middleware-logger" "3.127.0"
      "@aws-sdk/middleware-recursion-detection" "3.127.0"
      "@aws-sdk/middleware-retry" "3.127.0"
      "@aws-sdk/middleware-serde" "3.127.0"
      "@aws-sdk/middleware-stack" "3.127.0"
      "@aws-sdk/middleware-user-agent" "3.127.0"
      "@aws-sdk/node-config-provider" "3.127.0"
      "@aws-sdk/node-http-handler" "3.127.0"
      "@aws-sdk/protocol-http" "3.127.0"
      "@aws-sdk/smithy-client" "3.137.0"
      "@aws-sdk/types" "3.127.0"
      "@aws-sdk/url-parser" "3.127.0"
      "@aws-sdk/util-base64-browser" "3.109.0"
      "@aws-sdk/util-base64-node" "3.55.0"
      "@aws-sdk/util-body-length-browser" "3.55.0"
      "@aws-sdk/util-body-length-node" "3.55.0"
      "@aws-sdk/util-defaults-mode-browser" "3.137.0"
      "@aws-sdk/util-defaults-mode-node" "3.137.0"
      "@aws-sdk/util-user-agent-browser" "3.127.0"
      "@aws-sdk/util-user-agent-node" "3.127.0"
      "@aws-sdk/util-utf8-browser" "3.109.0"
      "@aws-sdk/util-utf8-node" "3.109.0"
      tslib "^2.3.1"
  
  "@aws-sdk/client-sts@3.137.0":
    version "3.137.0"
    resolved "https://registry.yarnpkg.com/@aws-sdk/client-sts/-/client-sts-3.137.0.tgz#71a4fe715b30943d599bd6654d26ccafed138545"
    integrity sha512-yJqfkEq0DG9Ds+oif/sc02PX6vfSNcyRe3YcaW5P6ouMyhJRljSIVCnA6iPwJaTsmK9BE9PDgFD2v/GYM/XgOA==
    dependencies:
      "@aws-crypto/sha256-browser" "2.0.0"
      "@aws-crypto/sha256-js" "2.0.0"
      "@aws-sdk/config-resolver" "3.130.0"
      "@aws-sdk/credential-provider-node" "3.137.0"
      "@aws-sdk/fetch-http-handler" "3.131.0"
      "@aws-sdk/hash-node" "3.127.0"
      "@aws-sdk/invalid-dependency" "3.127.0"
      "@aws-sdk/middleware-content-length" "3.127.0"
      "@aws-sdk/middleware-host-header" "3.127.0"
      "@aws-sdk/middleware-logger" "3.127.0"
      "@aws-sdk/middleware-recursion-detection" "3.127.0"
      "@aws-sdk/middleware-retry" "3.127.0"
      "@aws-sdk/middleware-sdk-sts" "3.130.0"
      "@aws-sdk/middleware-serde" "3.127.0"
      "@aws-sdk/middleware-signing" "3.130.0"
      "@aws-sdk/middleware-stack" "3.127.0"
      "@aws-sdk/middleware-user-agent" "3.127.0"
      "@aws-sdk/node-config-provider" "3.127.0"
      "@aws-sdk/node-http-handler" "3.127.0"
      "@aws-sdk/protocol-http" "3.127.0"
      "@aws-sdk/smithy-client" "3.137.0"
      "@aws-sdk/types" "3.127.0"
      "@aws-sdk/url-parser" "3.127.0"
      "@aws-sdk/util-base64-browser" "3.109.0"
      "@aws-sdk/util-base64-node" "3.55.0"
      "@aws-sdk/util-body-length-browser" "3.55.0"
      "@aws-sdk/util-body-length-node" "3.55.0"
      "@aws-sdk/util-defaults-mode-browser" "3.137.0"
      "@aws-sdk/util-defaults-mode-node" "3.137.0"
      "@aws-sdk/util-user-agent-browser" "3.127.0"
      "@aws-sdk/util-user-agent-node" "3.127.0"
      "@aws-sdk/util-utf8-browser" "3.109.0"
      "@aws-sdk/util-utf8-node" "3.109.0"
      entities "2.2.0"
      fast-xml-parser "3.19.0"
      tslib "^2.3.1"
  
  "@aws-sdk/client-sts@3.141.0":
    version "3.141.0"
    resolved "https://registry.yarnpkg.com/@aws-sdk/client-sts/-/client-sts-3.141.0.tgz#bbeea3b9767b48d6835636078663d46783cac1ae"
    integrity sha512-7bU6uIsVEY+Y9gqyelecufPAfYJrx3nCUNg9oO8Smt+Fce5YhiKx6XhUL0GpN9X+/DEZVoUnApGc7sEJmwzZJg==
    dependencies:
      "@aws-crypto/sha256-browser" "2.0.0"
      "@aws-crypto/sha256-js" "2.0.0"
      "@aws-sdk/config-resolver" "3.130.0"
      "@aws-sdk/credential-provider-node" "3.141.0"
      "@aws-sdk/fetch-http-handler" "3.131.0"
      "@aws-sdk/hash-node" "3.127.0"
      "@aws-sdk/invalid-dependency" "3.127.0"
      "@aws-sdk/middleware-content-length" "3.127.0"
      "@aws-sdk/middleware-host-header" "3.127.0"
      "@aws-sdk/middleware-logger" "3.127.0"
      "@aws-sdk/middleware-recursion-detection" "3.127.0"
      "@aws-sdk/middleware-retry" "3.127.0"
      "@aws-sdk/middleware-sdk-sts" "3.130.0"
      "@aws-sdk/middleware-serde" "3.127.0"
      "@aws-sdk/middleware-signing" "3.130.0"
      "@aws-sdk/middleware-stack" "3.127.0"
      "@aws-sdk/middleware-user-agent" "3.127.0"
      "@aws-sdk/node-config-provider" "3.127.0"
      "@aws-sdk/node-http-handler" "3.127.0"
      "@aws-sdk/protocol-http" "3.127.0"
      "@aws-sdk/smithy-client" "3.137.0"
      "@aws-sdk/types" "3.127.0"
      "@aws-sdk/url-parser" "3.127.0"
      "@aws-sdk/util-base64-browser" "3.109.0"
      "@aws-sdk/util-base64-node" "3.55.0"
      "@aws-sdk/util-body-length-browser" "3.55.0"
      "@aws-sdk/util-body-length-node" "3.55.0"
      "@aws-sdk/util-defaults-mode-browser" "3.137.0"
      "@aws-sdk/util-defaults-mode-node" "3.137.0"
      "@aws-sdk/util-user-agent-browser" "3.127.0"
      "@aws-sdk/util-user-agent-node" "3.127.0"
      "@aws-sdk/util-utf8-browser" "3.109.0"
      "@aws-sdk/util-utf8-node" "3.109.0"
      entities "2.2.0"
      fast-xml-parser "3.19.0"
      tslib "^2.3.1"
  
  "@aws-sdk/config-resolver@3.130.0":
    version "3.130.0"
    resolved "https://registry.yarnpkg.com/@aws-sdk/config-resolver/-/config-resolver-3.130.0.tgz#ba0fa915fa5613e87051a9826531e59cab4387b1"
    integrity sha512-7dkCHHI9kRcHW6YNr9/2Ub6XkvU9Fu6H/BnlKbaKlDR8jq7QpaFhPhctOVi5D/NDpxJgALifexFne0dvo3piTw==
    dependencies:
      "@aws-sdk/signature-v4" "3.130.0"
      "@aws-sdk/types" "3.127.0"
      "@aws-sdk/util-config-provider" "3.109.0"
      "@aws-sdk/util-middleware" "3.127.0"
      tslib "^2.3.1"
  
  "@aws-sdk/credential-provider-env@3.127.0":
    version "3.127.0"
    resolved "https://registry.yarnpkg.com/@aws-sdk/credential-provider-env/-/credential-provider-env-3.127.0.tgz#06eb67461f7df8feb14abd3b459f682544d78e43"
    integrity sha512-Ig7XhUikRBlnRTYT5JBGzWfYZp68X5vkFVIFCmsHHt/qVy0Nz9raZpmDHicdS1u67yxDkWgCPn/bNevWnM0GFg==
    dependencies:
      "@aws-sdk/property-provider" "3.127.0"
      "@aws-sdk/types" "3.127.0"
      tslib "^2.3.1"
  
  "@aws-sdk/credential-provider-imds@3.127.0":
    version "3.127.0"
    resolved "https://registry.yarnpkg.com/@aws-sdk/credential-provider-imds/-/credential-provider-imds-3.127.0.tgz#1fc7b40bf21adcc2a897e47b72796bd8ebcc7d86"
    integrity sha512-I6KlIBBzmJn/U1KikiC50PK3SspT9G5lkVLBaW5a6YfOcijqVTXfAN3kYzqhfeS0j4IgfJEwKVsjsZfmprJO5A==
    dependencies:
      "@aws-sdk/node-config-provider" "3.127.0"
      "@aws-sdk/property-provider" "3.127.0"
      "@aws-sdk/types" "3.127.0"
      "@aws-sdk/url-parser" "3.127.0"
      tslib "^2.3.1"
  
  "@aws-sdk/credential-provider-ini@3.137.0":
    version "3.137.0"
    resolved "https://registry.yarnpkg.com/@aws-sdk/credential-provider-ini/-/credential-provider-ini-3.137.0.tgz#ad7e35b61a38fa37db0f2dc8b3a2d56cad4e0e79"
    integrity sha512-FNSYjHaW83b4sQac+EWh/C6p1taBdvPOXFAVml1mPH49Nlkv9/E4bbjaWwgxvlxjqjNCbkDMKzhb19DN3gVulA==
    dependencies:
      "@aws-sdk/credential-provider-env" "3.127.0"
      "@aws-sdk/credential-provider-imds" "3.127.0"
      "@aws-sdk/credential-provider-sso" "3.137.0"
      "@aws-sdk/credential-provider-web-identity" "3.127.0"
      "@aws-sdk/property-provider" "3.127.0"
      "@aws-sdk/shared-ini-file-loader" "3.127.0"
      "@aws-sdk/types" "3.127.0"
      tslib "^2.3.1"
  
  "@aws-sdk/credential-provider-ini@3.141.0":
    version "3.141.0"
    resolved "https://registry.yarnpkg.com/@aws-sdk/credential-provider-ini/-/credential-provider-ini-3.141.0.tgz#decb9e9f17643b9939742cbd9887a9e078eeae0a"
    integrity sha512-iJZO3pfY1h3IePy0g1ORoprpYPVKar+4fKmMbu4LjtnHHnsEj8lG9qndl79jyDAVg0uBZyhEj89P9AbTZLrBVQ==
    dependencies:
      "@aws-sdk/credential-provider-env" "3.127.0"
      "@aws-sdk/credential-provider-imds" "3.127.0"
      "@aws-sdk/credential-provider-sso" "3.141.0"
      "@aws-sdk/credential-provider-web-identity" "3.127.0"
      "@aws-sdk/property-provider" "3.127.0"
      "@aws-sdk/shared-ini-file-loader" "3.127.0"
      "@aws-sdk/types" "3.127.0"
      tslib "^2.3.1"
  
  "@aws-sdk/credential-provider-node@3.137.0":
    version "3.137.0"
    resolved "https://registry.yarnpkg.com/@aws-sdk/credential-provider-node/-/credential-provider-node-3.137.0.tgz#ec0a95ae6696ed849b97feea53eb7826b5d79103"
    integrity sha512-if4CzNSyPS3ZERLtDocNNC+l5ejK93d2hoOzNHP2qCmTppThEPWF2TH506ez0v0lbUzeI7qWgpYe9m4+BFLEwQ==
    dependencies:
      "@aws-sdk/credential-provider-env" "3.127.0"
      "@aws-sdk/credential-provider-imds" "3.127.0"
      "@aws-sdk/credential-provider-ini" "3.137.0"
      "@aws-sdk/credential-provider-process" "3.127.0"
      "@aws-sdk/credential-provider-sso" "3.137.0"
      "@aws-sdk/credential-provider-web-identity" "3.127.0"
      "@aws-sdk/property-provider" "3.127.0"
      "@aws-sdk/shared-ini-file-loader" "3.127.0"
      "@aws-sdk/types" "3.127.0"
      tslib "^2.3.1"
  
  "@aws-sdk/credential-provider-node@3.141.0":
    version "3.141.0"
    resolved "https://registry.yarnpkg.com/@aws-sdk/credential-provider-node/-/credential-provider-node-3.141.0.tgz#b6b348dcaa19d99fd9ffc764679a7d7aba41d98d"
    integrity sha512-zMMgp7BtYs1vlLbOSF4Psy3HhHlqv57LDgGpkwZ7cmcm5x3rdzg7aegvYAyC3xGCf8POf0J3y1ZGhAW8F/g30g==
    dependencies:
      "@aws-sdk/credential-provider-env" "3.127.0"
      "@aws-sdk/credential-provider-imds" "3.127.0"
      "@aws-sdk/credential-provider-ini" "3.141.0"
      "@aws-sdk/credential-provider-process" "3.127.0"
      "@aws-sdk/credential-provider-sso" "3.141.0"
      "@aws-sdk/credential-provider-web-identity" "3.127.0"
      "@aws-sdk/property-provider" "3.127.0"
      "@aws-sdk/shared-ini-file-loader" "3.127.0"
      "@aws-sdk/types" "3.127.0"
      tslib "^2.3.1"
  
  "@aws-sdk/credential-provider-process@3.127.0":
    version "3.127.0"
    resolved "https://registry.yarnpkg.com/@aws-sdk/credential-provider-process/-/credential-provider-process-3.127.0.tgz#6046a20013a3edd58b631668ed1d73dfd63a931c"
    integrity sha512-6v0m2lqkO9J5fNlTl+HjriQNIdfg8mjVST544+5y9EnC/FVmTnIz64vfHveWdNkP/fehFx7wTimNENtoSqCn3A==
    dependencies:
      "@aws-sdk/property-provider" "3.127.0"
      "@aws-sdk/shared-ini-file-loader" "3.127.0"
      "@aws-sdk/types" "3.127.0"
      tslib "^2.3.1"
  
  "@aws-sdk/credential-provider-sso@3.137.0":
    version "3.137.0"
    resolved "https://registry.yarnpkg.com/@aws-sdk/credential-provider-sso/-/credential-provider-sso-3.137.0.tgz#c1e573f5f934073596579d3f43da1c252713e9af"
    integrity sha512-Up2Q3tWSo6Mv2icXMrHa8dGtnC9yQAeUnftrIlvLXi3P9RjxlOPZCSg1NF8FOS90RdEgORlj/7LPlIniHgGUmg==
    dependencies:
      "@aws-sdk/client-sso" "3.137.0"
      "@aws-sdk/property-provider" "3.127.0"
      "@aws-sdk/shared-ini-file-loader" "3.127.0"
      "@aws-sdk/types" "3.127.0"
      tslib "^2.3.1"
  
  "@aws-sdk/credential-provider-sso@3.141.0":
    version "3.141.0"
    resolved "https://registry.yarnpkg.com/@aws-sdk/credential-provider-sso/-/credential-provider-sso-3.141.0.tgz#1f6f192eb107f3285b5813753ea7160fadf5f560"
    integrity sha512-Viefk2XOJ4auMKEJDoAHveUlKhWJp3FZocmOh03FEGtcXaWd+hBJpY0wI3DysXbmpm2lXmGQpau2pjIzQWk4jg==
    dependencies:
      "@aws-sdk/client-sso" "3.141.0"
      "@aws-sdk/property-provider" "3.127.0"
      "@aws-sdk/shared-ini-file-loader" "3.127.0"
      "@aws-sdk/types" "3.127.0"
      tslib "^2.3.1"
  
  "@aws-sdk/credential-provider-web-identity@3.127.0":
    version "3.127.0"
    resolved "https://registry.yarnpkg.com/@aws-sdk/credential-provider-web-identity/-/credential-provider-web-identity-3.127.0.tgz#a56c390bf0148f20573abd022930b28df345043a"
    integrity sha512-85ahDZnLYB3dqkW+cQ0bWt+NVqOoxomTrJoq3IC2q6muebeFrJ0pyf0JEW/RNRzBiUvvsZujzGdWifzWyQKfVg==
    dependencies:
      "@aws-sdk/property-provider" "3.127.0"
      "@aws-sdk/types" "3.127.0"
      tslib "^2.3.1"
  
  "@aws-sdk/endpoint-cache@3.55.0":
    version "3.55.0"
    resolved "https://registry.yarnpkg.com/@aws-sdk/endpoint-cache/-/endpoint-cache-3.55.0.tgz#b4be2cb363af005a67c2a6f938f06fcbbbbbccf8"
    integrity sha512-kxDoHFDuQwZEEUZRp+ZLOg68EXuKPzUN86DcpIZantDVcmu7MSPTbbQp9DZd8MnKVEKCP7Sop5f7zCqOPl3LXw==
    dependencies:
      mnemonist "0.38.3"
      tslib "^2.3.1"
  
  "@aws-sdk/fetch-http-handler@3.131.0":
    version "3.131.0"
    resolved "https://registry.yarnpkg.com/@aws-sdk/fetch-http-handler/-/fetch-http-handler-3.131.0.tgz#426721ba3c4e7687a6c12ce10bdc661900325815"
    integrity sha512-eNxmPZQX2IUeBGWHNC7eNTekWn9VIPLYEMKJbKYUBJryxuTJ7TtLeyEK5oakUjMwP1AUvWT+CV7C+8L7uG1omQ==
    dependencies:
      "@aws-sdk/protocol-http" "3.127.0"
      "@aws-sdk/querystring-builder" "3.127.0"
      "@aws-sdk/types" "3.127.0"
      "@aws-sdk/util-base64-browser" "3.109.0"
      tslib "^2.3.1"
  
  "@aws-sdk/hash-node@3.127.0":
    version "3.127.0"
    resolved "https://registry.yarnpkg.com/@aws-sdk/hash-node/-/hash-node-3.127.0.tgz#2fbbeb509a515e6a5cfd6846c02cc1967961a40b"
    integrity sha512-wx7DKlXdKebH4JcMsOevdsm2oDNMVm36kuMm0XWRIrFWQ/oq7OquDpEMJzWvGqWF/IfFUpb7FhAWZZpALwlcwA==
    dependencies:
      "@aws-sdk/types" "3.127.0"
      "@aws-sdk/util-buffer-from" "3.55.0"
      tslib "^2.3.1"
  
  "@aws-sdk/invalid-dependency@3.127.0":
    version "3.127.0"
    resolved "https://registry.yarnpkg.com/@aws-sdk/invalid-dependency/-/invalid-dependency-3.127.0.tgz#3a99603e1969f67278495b827243e9a391b8cfc4"
    integrity sha512-bxvmtmJ6gIRfOHvh1jAPZBH2mzppEblPjEOFo4mOzXz4U3qPIxeuukCjboMnGK9QEpV2wObWcYYld0vxoRrfiA==
    dependencies:
      "@aws-sdk/types" "3.127.0"
      tslib "^2.3.1"
  
  "@aws-sdk/is-array-buffer@3.55.0":
    version "3.55.0"
    resolved "https://registry.yarnpkg.com/@aws-sdk/is-array-buffer/-/is-array-buffer-3.55.0.tgz#c46122c5636f01d5895e5256a587768c3425ea7a"
    integrity sha512-NbiPHVYuPxdqdFd6FxzzN3H1BQn/iWA3ri3Ry7AyLeP/tGs1yzEWMwf8BN8TSMALI0GXT6Sh0GDWy3Ok5xB6DA==
    dependencies:
      tslib "^2.3.1"
  
  "@aws-sdk/middleware-content-length@3.127.0":
    version "3.127.0"
    resolved "https://registry.yarnpkg.com/@aws-sdk/middleware-content-length/-/middleware-content-length-3.127.0.tgz#662c1971fdb2dd7d34a9945ebd8da52578900434"
    integrity sha512-AFmMaIEW3Rzg0TaKB9l/RENLowd7ZEEOpm0trYw1CgUUORWW/ydCsDT7pekPlC25CPbhUmWXCSA4xPFSYOVnDw==
    dependencies:
      "@aws-sdk/protocol-http" "3.127.0"
      "@aws-sdk/types" "3.127.0"
      tslib "^2.3.1"
  
  "@aws-sdk/middleware-endpoint-discovery@3.130.0":
    version "3.130.0"
    resolved "https://registry.yarnpkg.com/@aws-sdk/middleware-endpoint-discovery/-/middleware-endpoint-discovery-3.130.0.tgz#7a0c280cff1623d9fd39e4345f38ac4fd36cc687"
    integrity sha512-CvxSnJmAxnJyIL9E7Du8S2oocYCpMFNSQ3blUKUM6+YUuEfZJpSTAZUjbB5tVneBgBhFVKAoQ5T6LORtOJLXqA==
    dependencies:
      "@aws-sdk/config-resolver" "3.130.0"
      "@aws-sdk/endpoint-cache" "3.55.0"
      "@aws-sdk/protocol-http" "3.127.0"
      "@aws-sdk/types" "3.127.0"
      tslib "^2.3.1"
  
  "@aws-sdk/middleware-host-header@3.127.0":
    version "3.127.0"
    resolved "https://registry.yarnpkg.com/@aws-sdk/middleware-host-header/-/middleware-host-header-3.127.0.tgz#679f685bd8b4f221ed2c11e90b381d6904034ef9"
    integrity sha512-e2gTLJb5lYP9lRV7hN3rKY2l4jv8OygOoHElZJ3Z8KPZskjHelYPcQ8XbdfhSXXxC3vc/0QqN0ResFt3W3Pplg==
    dependencies:
      "@aws-sdk/protocol-http" "3.127.0"
      "@aws-sdk/types" "3.127.0"
      tslib "^2.3.1"
  
  "@aws-sdk/middleware-logger@3.127.0":
    version "3.127.0"
    resolved "https://registry.yarnpkg.com/@aws-sdk/middleware-logger/-/middleware-logger-3.127.0.tgz#b62fd148888f418bd74b0c9d76b80588224ee98f"
    integrity sha512-jMNLcZB/ECA7OfkNBLNeAlrLRehyfnUeNQJHW3kcxs9h1+6VxaF6wY+WKozszLI7/3OBzQrFHBQCfRZV7ykSLg==
    dependencies:
      "@aws-sdk/types" "3.127.0"
      tslib "^2.3.1"
  
  "@aws-sdk/middleware-recursion-detection@3.127.0":
    version "3.127.0"
    resolved "https://registry.yarnpkg.com/@aws-sdk/middleware-recursion-detection/-/middleware-recursion-detection-3.127.0.tgz#84949efd4a05a4d00da3e9242825e3c9d715f800"
    integrity sha512-tB6WX+Z1kUKTnn5h38XFrTCzoqPKjUZLUjN4Wb27/cbeSiTSKGAZcCXHOJm36Ukorl5arlybQTqGe689EU00Hw==
    dependencies:
      "@aws-sdk/protocol-http" "3.127.0"
      "@aws-sdk/types" "3.127.0"
      tslib "^2.3.1"
  
  "@aws-sdk/middleware-retry@3.127.0":
    version "3.127.0"
    resolved "https://registry.yarnpkg.com/@aws-sdk/middleware-retry/-/middleware-retry-3.127.0.tgz#bcd0741ed676588101739083c6bd141d5c1911e1"
    integrity sha512-ZSvg/AyGUacWnf3i8ZbyImtiCH+NyafF8uV7bITP7JkwPrG+VdNocJZOr88GRM0c1A0jfkOf7+oq+fInPwwiNA==
    dependencies:
      "@aws-sdk/protocol-http" "3.127.0"
      "@aws-sdk/service-error-classification" "3.127.0"
      "@aws-sdk/types" "3.127.0"
      "@aws-sdk/util-middleware" "3.127.0"
      tslib "^2.3.1"
      uuid "^8.3.2"
  
  "@aws-sdk/middleware-sdk-sts@3.130.0":
    version "3.130.0"
    resolved "https://registry.yarnpkg.com/@aws-sdk/middleware-sdk-sts/-/middleware-sdk-sts-3.130.0.tgz#b8dc87c25db048ae8b91962459dfaec5d5b48a8f"
    integrity sha512-FDfs7+ohbhEK3eH3Dshr6JDiL8P72bp3ffeNpPBXuURFqwt4pCmjHuX3SqQR0JIJ2cl3aIdxc17rKaZJfOjtPw==
    dependencies:
      "@aws-sdk/middleware-signing" "3.130.0"
      "@aws-sdk/property-provider" "3.127.0"
      "@aws-sdk/protocol-http" "3.127.0"
      "@aws-sdk/signature-v4" "3.130.0"
      "@aws-sdk/types" "3.127.0"
      tslib "^2.3.1"
  
  "@aws-sdk/middleware-serde@3.127.0":
    version "3.127.0"
    resolved "https://registry.yarnpkg.com/@aws-sdk/middleware-serde/-/middleware-serde-3.127.0.tgz#8732d71ed0d28c43e609fcc156b1a1ac307c0d5f"
    integrity sha512-xmWMYV/t9M+b9yHjqaD1noDNJJViI2QwOH7TQZ9VbbrvdVtDrFuS9Sf9He80TBCJqeHShwQN9783W1I3Pu/8kw==
    dependencies:
      "@aws-sdk/types" "3.127.0"
      tslib "^2.3.1"
  
  "@aws-sdk/middleware-signing@3.130.0":
    version "3.130.0"
    resolved "https://registry.yarnpkg.com/@aws-sdk/middleware-signing/-/middleware-signing-3.130.0.tgz#10c5606cf6cd32cf9afa857b0ff32659460902a7"
    integrity sha512-JePq5XLR9TfRN3RQ0d7Za/bEW5D3xgtD1FNAwHeenWALeozMuQgRPjM5RroCnL/5jY3wuvCZI7cSXeqhawWqmA==
    dependencies:
      "@aws-sdk/property-provider" "3.127.0"
      "@aws-sdk/protocol-http" "3.127.0"
      "@aws-sdk/signature-v4" "3.130.0"
      "@aws-sdk/types" "3.127.0"
      tslib "^2.3.1"
  
  "@aws-sdk/middleware-stack@3.127.0":
    version "3.127.0"
    resolved "https://registry.yarnpkg.com/@aws-sdk/middleware-stack/-/middleware-stack-3.127.0.tgz#d569d964256cdd4a5afd149de325296cf19762f6"
    integrity sha512-S1IoUE5o1vCmjsF5nIE8zlItNOM1UE+lhmZeigF7knXJ9+a6ewMB6POAj/s4eoi0wcn0eSnAGsqJCWMSUjOPLA==
    dependencies:
      tslib "^2.3.1"
  
  "@aws-sdk/middleware-user-agent@3.127.0":
    version "3.127.0"
    resolved "https://registry.yarnpkg.com/@aws-sdk/middleware-user-agent/-/middleware-user-agent-3.127.0.tgz#f676aac4ddaba64bb12b6d69b0ed7328479cf798"
    integrity sha512-CHxgswoOzdkOEoIq7Oyob3Sx/4FYUv6BhUesAX7MNshaDDsTQPbSWjw5bqZDiL/gO+X/34fvqCVVpVD2GvxW/g==
    dependencies:
      "@aws-sdk/protocol-http" "3.127.0"
      "@aws-sdk/types" "3.127.0"
      tslib "^2.3.1"
  
  "@aws-sdk/node-config-provider@3.127.0":
    version "3.127.0"
    resolved "https://registry.yarnpkg.com/@aws-sdk/node-config-provider/-/node-config-provider-3.127.0.tgz#43a460526f0c24a661264189712e0ff5475e9b45"
    integrity sha512-bAHkASMhLZHT1yv2TX6OJGFV9Lc3t1gKfTMEKdXM2O2YhGfSx9A/qLeJm79oDfnILWQtSS2NicxlRDI2lYGf4g==
    dependencies:
      "@aws-sdk/property-provider" "3.127.0"
      "@aws-sdk/shared-ini-file-loader" "3.127.0"
      "@aws-sdk/types" "3.127.0"
      tslib "^2.3.1"
  
  "@aws-sdk/node-http-handler@3.127.0":
    version "3.127.0"
    resolved "https://registry.yarnpkg.com/@aws-sdk/node-http-handler/-/node-http-handler-3.127.0.tgz#81c0a34061b233027bc673f3359c36555c0688d7"
    integrity sha512-pyMKvheK8eDwWLgYIRsWy8wiyhsbYYcqkZQs3Eh6upI4E8iCY7eMmhWvHYCibvsO+UjsOwa4cAMOfwnv/Z9s8A==
    dependencies:
      "@aws-sdk/abort-controller" "3.127.0"
      "@aws-sdk/protocol-http" "3.127.0"
      "@aws-sdk/querystring-builder" "3.127.0"
      "@aws-sdk/types" "3.127.0"
      tslib "^2.3.1"
  
  "@aws-sdk/property-provider@3.127.0":
    version "3.127.0"
    resolved "https://registry.yarnpkg.com/@aws-sdk/property-provider/-/property-provider-3.127.0.tgz#3b70d23354c35ea04c29c97f05cc4108c2e194ba"
    integrity sha512-JxenxlTEkWfLrtJqIjaXaJzAVQbbscoCb5bNjmdud07ESLVfWRKJx2nAJdecHKYp2M5NQyqBuFhQ1ELSFYQKCA==
    dependencies:
      "@aws-sdk/types" "3.127.0"
      tslib "^2.3.1"
  
  "@aws-sdk/protocol-http@3.127.0":
    version "3.127.0"
    resolved "https://registry.yarnpkg.com/@aws-sdk/protocol-http/-/protocol-http-3.127.0.tgz#c1d7bb20f09f9e86fd885d3effb33850b618e549"
    integrity sha512-UG83PVuKX40wilG2uRU0Fvz4OY8Bt+bSPOG776DFjwIXYzK7BwpJm9H2XI2HLhS5WxrJHhwrLBRgW6UiykMnFw==
    dependencies:
      "@aws-sdk/types" "3.127.0"
      tslib "^2.3.1"
  
  "@aws-sdk/querystring-builder@3.127.0":
    version "3.127.0"
    resolved "https://registry.yarnpkg.com/@aws-sdk/querystring-builder/-/querystring-builder-3.127.0.tgz#50a100d13bd13bb06ee92dcd9568e21a37fb9c49"
    integrity sha512-tsoyp4lLPsASPDYWsezGAHD8VJsZbjUNATNAzTCFdH6p+4SKBK83Q5kfXCzxt13M+l3oKbxxIWLvS0kVQFyltQ==
    dependencies:
      "@aws-sdk/types" "3.127.0"
      "@aws-sdk/util-uri-escape" "3.55.0"
      tslib "^2.3.1"
  
  "@aws-sdk/querystring-parser@3.127.0":
    version "3.127.0"
    resolved "https://registry.yarnpkg.com/@aws-sdk/querystring-parser/-/querystring-parser-3.127.0.tgz#d485db0d24005e95bb4c9c478691cd805e5fc0f4"
    integrity sha512-Vn/Dv+PqUSepp/DzLqq0LJJD8HdPefJCnLbO5WcHCARHSGlyGlZUFEM45k/oEHpTvgMXj/ORaP3A+tLwLu0AmA==
    dependencies:
      "@aws-sdk/types" "3.127.0"
      tslib "^2.3.1"
  
  "@aws-sdk/service-error-classification@3.127.0":
    version "3.127.0"
    resolved "https://registry.yarnpkg.com/@aws-sdk/service-error-classification/-/service-error-classification-3.127.0.tgz#64b69215b2525e3b6806856187ef54b00c0f85d1"
    integrity sha512-wjZY9rnlA8SPrICUumTYicEKtK4/yKB62iadUk66hxe8MrH8JhuHH2NqIad0Pt/bK/YtNVhd3yb4pRapOeY5qQ==
  
  "@aws-sdk/shared-ini-file-loader@3.127.0":
    version "3.127.0"
    resolved "https://registry.yarnpkg.com/@aws-sdk/shared-ini-file-loader/-/shared-ini-file-loader-3.127.0.tgz#019c5512bf92f954f6aca6f6811e38fe048aadf6"
    integrity sha512-S3Nn4KRTqoJsB/TbRZSWBBUrkckNMR0Juqz7bOB+wupVvddKP6IcpspSC/GX9zgJjVMV8iGisZ6AUsYsC5r+cA==
    dependencies:
      tslib "^2.3.1"
  
  "@aws-sdk/signature-v4@3.130.0":
    version "3.130.0"
    resolved "https://registry.yarnpkg.com/@aws-sdk/signature-v4/-/signature-v4-3.130.0.tgz#152085234311610a350fdcd9a7f877a83aa44cf1"
    integrity sha512-g5G1a1NHL2uOoFfC2zQdZcj+wbjgBQPkx6xGdtqNKf9v2kS0n6ap5JUGEaqWE02lUlmWHsoMsS73hXtzwXaBRQ==
    dependencies:
      "@aws-sdk/is-array-buffer" "3.55.0"
      "@aws-sdk/types" "3.127.0"
      "@aws-sdk/util-hex-encoding" "3.109.0"
      "@aws-sdk/util-middleware" "3.127.0"
      "@aws-sdk/util-uri-escape" "3.55.0"
      tslib "^2.3.1"
  
  "@aws-sdk/smithy-client@3.137.0":
    version "3.137.0"
    resolved "https://registry.yarnpkg.com/@aws-sdk/smithy-client/-/smithy-client-3.137.0.tgz#cf0b639330dd1b4eb9b350e8d0e216c399290bd4"
    integrity sha512-YAuWiSzHJGV9jQCjmcBWxbWRoq/3INEpdtfAdpR+X+sEZaRJESDGPt4or7WbQ9Tmbd/uZ0uQLYIed/NDSyJLLQ==
    dependencies:
      "@aws-sdk/middleware-stack" "3.127.0"
      "@aws-sdk/types" "3.127.0"
      tslib "^2.3.1"
  
  "@aws-sdk/types@3.127.0", "@aws-sdk/types@^3.1.0":
    version "3.127.0"
    resolved "https://registry.yarnpkg.com/@aws-sdk/types/-/types-3.127.0.tgz#a7bafc47ee2328eee2453087521e6c3a39e7278d"
    integrity sha512-e0wtx2IkOl7rwfKfLH5pPTzQ+d45V7b1WrjeL0WDI8kOu6w+sXmhNxI6uM2kf0k4NiTLN84lW290AEWupey9Og==
  
  "@aws-sdk/url-parser@3.127.0":
    version "3.127.0"
    resolved "https://registry.yarnpkg.com/@aws-sdk/url-parser/-/url-parser-3.127.0.tgz#7a5c6186e83dc6f823c989c0575aebe384e676b0"
    integrity sha512-njZ7zn41JHRpNfr3BCesVXCLZE0zcWSfEdtRV0ICw0cU1FgYcKELSuY9+gLUB4ci6uc7gq7mPE8+w30FcM4QeA==
    dependencies:
      "@aws-sdk/querystring-parser" "3.127.0"
      "@aws-sdk/types" "3.127.0"
      tslib "^2.3.1"
  
  "@aws-sdk/util-base64-browser@3.109.0":
    version "3.109.0"
    resolved "https://registry.yarnpkg.com/@aws-sdk/util-base64-browser/-/util-base64-browser-3.109.0.tgz#e7faf5c4cbb88bc39b9c1c5a1a79e4c869e9f645"
    integrity sha512-lAZ6fyDGiRLaIsKT9qh7P9FGuNyZ4gAbr1YOSQk/5mHtaTuUvxlPptZuInNM/0MPQm6lpcot00D8IWTucn4PbA==
    dependencies:
      tslib "^2.3.1"
  
  "@aws-sdk/util-base64-node@3.55.0":
    version "3.55.0"
    resolved "https://registry.yarnpkg.com/@aws-sdk/util-base64-node/-/util-base64-node-3.55.0.tgz#da9a3fd6752be49163572144793e6b23d0186ff4"
    integrity sha512-UQ/ZuNoAc8CFMpSiRYmevaTsuRKzLwulZTnM8LNlIt9Wx1tpNvqp80cfvVj7yySKROtEi20wq29h31dZf1eYNQ==
    dependencies:
      "@aws-sdk/util-buffer-from" "3.55.0"
      tslib "^2.3.1"
  
  "@aws-sdk/util-body-length-browser@3.55.0":
    version "3.55.0"
    resolved "https://registry.yarnpkg.com/@aws-sdk/util-body-length-browser/-/util-body-length-browser-3.55.0.tgz#9c2637097501032f6a1afddb76687415fe9b44b6"
    integrity sha512-Ei2OCzXQw5N6ZkTMZbamUzc1z+z1R1Ja5tMEagz5BxuX4vWdBObT+uGlSzL8yvTbjoPjnxWA2aXyEqaUP3JS8Q==
    dependencies:
      tslib "^2.3.1"
  
  "@aws-sdk/util-body-length-node@3.55.0":
    version "3.55.0"
    resolved "https://registry.yarnpkg.com/@aws-sdk/util-body-length-node/-/util-body-length-node-3.55.0.tgz#67049bbb6c62d794a1bb5a13b9a678988c925489"
    integrity sha512-lU1d4I+9wJwydduXs0SxSfd+mHKjxeyd39VwOv6i2KSwWkPbji9UQqpflKLKw+r45jL7+xU/zfeTUg5Tt/3Gew==
    dependencies:
      tslib "^2.3.1"
  
  "@aws-sdk/util-buffer-from@3.55.0":
    version "3.55.0"
    resolved "https://registry.yarnpkg.com/@aws-sdk/util-buffer-from/-/util-buffer-from-3.55.0.tgz#e7c927974b07a29502aa1ad58509b91d0d7cf0f7"
    integrity sha512-uVzKG1UgvnV7XX2FPTylBujYMKBPBaq/qFBxfl0LVNfrty7YjpfieQxAe6yRLD+T0Kir/WDQwGvYC+tOYG3IGA==
    dependencies:
      "@aws-sdk/is-array-buffer" "3.55.0"
      tslib "^2.3.1"
  
  "@aws-sdk/util-config-provider@3.109.0":
    version "3.109.0"
    resolved "https://registry.yarnpkg.com/@aws-sdk/util-config-provider/-/util-config-provider-3.109.0.tgz#7828b8894b2b23c289ffc5c106cbced7a5d6ee86"
    integrity sha512-GrAZl/aBv0A28LkyNyq8SPJ5fmViCwz80fWLMeWx/6q5AbivuILogjlWwEZSvZ9zrlHOcFC0+AnCa5pQrjaslw==
    dependencies:
      tslib "^2.3.1"
  
  "@aws-sdk/util-defaults-mode-browser@3.137.0":
    version "3.137.0"
    resolved "https://registry.yarnpkg.com/@aws-sdk/util-defaults-mode-browser/-/util-defaults-mode-browser-3.137.0.tgz#68fe89aae7504f10d69a52806768f129195d1c65"
    integrity sha512-9f5045wqPAcGLKIAXzZKHE2n42ilGo/g4rLSS09OXx9CoFT4lVdqZPqBqh/prDUMrqXge9FK3EH2VId7L5GpEQ==
    dependencies:
      "@aws-sdk/property-provider" "3.127.0"
      "@aws-sdk/types" "3.127.0"
      bowser "^2.11.0"
      tslib "^2.3.1"
  
  "@aws-sdk/util-defaults-mode-node@3.137.0":
    version "3.137.0"
    resolved "https://registry.yarnpkg.com/@aws-sdk/util-defaults-mode-node/-/util-defaults-mode-node-3.137.0.tgz#e43340efebb88d9f5a214127c383345d0bbcfd00"
    integrity sha512-CvMpemcsOkoMEz0iALamyQBt1rHx98NvF/cay019F8m+umD03I8CclDugy/13DqESWfsVxn91lZY/DOnO+si7A==
    dependencies:
      "@aws-sdk/config-resolver" "3.130.0"
      "@aws-sdk/credential-provider-imds" "3.127.0"
      "@aws-sdk/node-config-provider" "3.127.0"
      "@aws-sdk/property-provider" "3.127.0"
      "@aws-sdk/types" "3.127.0"
      tslib "^2.3.1"
  
  "@aws-sdk/util-dynamodb@^3.72.0":
    version "3.137.0"
    resolved "https://registry.yarnpkg.com/@aws-sdk/util-dynamodb/-/util-dynamodb-3.137.0.tgz#457b89b549868978569d1409df3079d91a0b5946"
    integrity sha512-HB8AgfI7ztvoNBUy6sLQ0LQIr9Xp89mTkcs8oS2wkUKndwinKkBaUcCZBXVjREs+oStRqcpO0mKHW2PEHc0ChA==
    dependencies:
      tslib "^2.3.1"
  
  "@aws-sdk/util-hex-encoding@3.109.0":
    version "3.109.0"
    resolved "https://registry.yarnpkg.com/@aws-sdk/util-hex-encoding/-/util-hex-encoding-3.109.0.tgz#93b20acc27c0a1d7d80f653bf19d3dd01c2ccc65"
    integrity sha512-s8CgTNrn3cLkrdiohfxLuOYPCanzvHn/aH5RW6DaMoeQiG5Hl9QUiP/WtdQ9QQx3xvpQFpmvxIaSBwSgFNLQxA==
    dependencies:
      tslib "^2.3.1"
  
  "@aws-sdk/util-locate-window@^3.0.0":
    version "3.55.0"
    resolved "https://registry.yarnpkg.com/@aws-sdk/util-locate-window/-/util-locate-window-3.55.0.tgz#a4136a20ee1bfcb73967a6614caf769ef79db070"
    integrity sha512-0sPmK2JaJE2BbTcnvybzob/VrFKCXKfN4CUKcvn0yGg/me7Bz+vtzQRB3Xp+YSx+7OtWxzv63wsvHoAnXvgxgg==
    dependencies:
      tslib "^2.3.1"
  
  "@aws-sdk/util-middleware@3.127.0":
    version "3.127.0"
    resolved "https://registry.yarnpkg.com/@aws-sdk/util-middleware/-/util-middleware-3.127.0.tgz#266d6160886f272cb3e3c3eb5266abbac0c033bc"
    integrity sha512-EwAPPed9TNqh+Wov2VStLn2NuJ/Wyt7IkZCbCsBuSNp3BFZ1V4gfwTjqtKCtB2LQgQ48MTgWgNCvrH0zjCSPGg==
    dependencies:
      tslib "^2.3.1"
  
  "@aws-sdk/util-uri-escape@3.55.0":
    version "3.55.0"
    resolved "https://registry.yarnpkg.com/@aws-sdk/util-uri-escape/-/util-uri-escape-3.55.0.tgz#ee57743c628a1c9f942dfe73205ce890ec011916"
    integrity sha512-mmdDLUpFCN2nkfwlLdOM54lTD528GiGSPN1qb8XtGLgZsJUmg3uJSFIN2lPeSbEwJB3NFjVas/rnQC48i7mV8w==
    dependencies:
      tslib "^2.3.1"
  
  "@aws-sdk/util-user-agent-browser@3.127.0":
    version "3.127.0"
    resolved "https://registry.yarnpkg.com/@aws-sdk/util-user-agent-browser/-/util-user-agent-browser-3.127.0.tgz#dc6c4c9049ebf238c321883593b2cd3d82b5e755"
    integrity sha512-uO2oHmJswuYKJS+GiMdYI8izhpC9M7/jFFvnAmLlTEVwpEi1VX9KePAOF+u5AaBC2kzITo/7dg141XfRHZloIQ==
    dependencies:
      "@aws-sdk/types" "3.127.0"
      bowser "^2.11.0"
      tslib "^2.3.1"
  
  "@aws-sdk/util-user-agent-node@3.127.0":
    version "3.127.0"
    resolved "https://registry.yarnpkg.com/@aws-sdk/util-user-agent-node/-/util-user-agent-node-3.127.0.tgz#368dc0c0e1160e8ca9e5ca21f3857004509aa06e"
    integrity sha512-3P/M4ZDD2qMeeoCk7TE/Mw7cG5IjB87F6BP8nI8/oHuaz7j6fsI7D49SNpyjl8JApRynZ122Ad6hwQwRj3isYw==
    dependencies:
      "@aws-sdk/node-config-provider" "3.127.0"
      "@aws-sdk/types" "3.127.0"
      tslib "^2.3.1"
  
  "@aws-sdk/util-utf8-browser@3.109.0", "@aws-sdk/util-utf8-browser@^3.0.0":
    version "3.109.0"
    resolved "https://registry.yarnpkg.com/@aws-sdk/util-utf8-browser/-/util-utf8-browser-3.109.0.tgz#d013272e1981b23a4c84ac06f154db686c0cf84e"
    integrity sha512-FmcGSz0v7Bqpl1SE8G1Gc0CtDpug+rvqNCG/szn86JApD/f5x8oByjbEiAyTU2ZH2VevUntx6EW68ulHyH+x+w==
    dependencies:
      tslib "^2.3.1"
  
  "@aws-sdk/util-utf8-node@3.109.0":
    version "3.109.0"
    resolved "https://registry.yarnpkg.com/@aws-sdk/util-utf8-node/-/util-utf8-node-3.109.0.tgz#89e06d916f5b246c7265f59bac742973ac0767ac"
    integrity sha512-Ti/ZBdvz2eSTElsucjzNmzpyg2MwfD1rXmxD0hZuIF8bPON/0+sZYnWd5CbDw9kgmhy28dmKue086tbZ1G0iLQ==
    dependencies:
      "@aws-sdk/util-buffer-from" "3.55.0"
      tslib "^2.3.1"
  
  "@aws-sdk/util-waiter@3.127.0":
    version "3.127.0"
    resolved "https://registry.yarnpkg.com/@aws-sdk/util-waiter/-/util-waiter-3.127.0.tgz#3485ebb614cc417fee397daf61ba4ca3aa5bbedb"
    integrity sha512-E5qrRpBJS8dmClqSDW1pWVMKzCG/mxabG6jVUtlW/WLHnl/znxGaOQc6tnnwKik0nEq/4DpT9fEfPUz9JiLrkw==
    dependencies:
      "@aws-sdk/abort-controller" "3.127.0"
      "@aws-sdk/types" "3.127.0"
      tslib "^2.3.1"
  
  "@fastify/accept-negotiator@^1.0.0":
    version "1.0.0"
    resolved "https://registry.yarnpkg.com/@fastify/accept-negotiator/-/accept-negotiator-1.0.0.tgz#f0e73a3f8c6ba739d66a629b386c838889ec7a23"
    integrity sha512-4R/N2KfYeld7A5LGkai+iUFMahXcxxYbDp+XS2B1yuL3cdmZLJ9TlCnNzT3q5xFTqsYm0GPpinLUwfSwjcVjyA==
  
  "@fastify/ajv-compiler@^3.1.1":
    version "3.1.2"
    resolved "https://registry.yarnpkg.com/@fastify/ajv-compiler/-/ajv-compiler-3.1.2.tgz#9b3c4ae0f5feeb2a90ee797cff6dc26e1831795b"
    integrity sha512-m2nzzQJeuVmeGOB9rnII9sZiY8AZ02a9WMQfMBfK1jxdFnxm3FPYKGbYpPjODj4halNogwpolyugbTNpnDCi0A==
    dependencies:
      ajv "^8.10.0"
      ajv-formats "^2.1.1"
      fast-uri "^2.0.0"
  
  "@fastify/deepmerge@^1.0.0":
    version "1.1.0"
    resolved "https://registry.yarnpkg.com/@fastify/deepmerge/-/deepmerge-1.1.0.tgz#91f0a5a27034ff76b7bece63a5906894940ace82"
    integrity sha512-E8Hfdvs1bG6u0N4vN5Nty6JONUfTdOciyD5rn8KnEsLKIenvOVcr210BQR9t34PRkNyjqnMLGk3e0BsaxRdL+g==
  
  "@fastify/error@^3.0.0":
    version "3.0.0"
    resolved "https://registry.yarnpkg.com/@fastify/error/-/error-3.0.0.tgz#bfcb7b33cec0196413083a91ef2edc7b2c88455b"
    integrity sha512-dPRyT40GiHRzSCll3/Jn2nPe25+E1VXc9tDwRAIKwFCxd5Np5wzgz1tmooWG3sV0qKgrBibihVoCna2ru4SEFg==
  
  "@fastify/fast-json-stringify-compiler@^4.0.0":
    version "4.0.0"
    resolved "https://registry.yarnpkg.com/@fastify/fast-json-stringify-compiler/-/fast-json-stringify-compiler-4.0.0.tgz#444139d0a12b3e3a8fcdda29da7e9a6c72c8e404"
    integrity sha512-9pCi6c6tmGt/qfuf2koZQuSIG6ckP9q3mz+JoMmAq9eQ4EtA92sWoK7E0LJUn2FFTS/hp5kag+4+dWsV5ZfcXg==
    dependencies:
      fast-json-stringify "^5.0.0"
  
  "@fastify/static@^6.0.0":
    version "6.5.0"
    resolved "https://registry.yarnpkg.com/@fastify/static/-/static-6.5.0.tgz#004fdb487ddf0ee5fdf7541e56bfcb493d7a1060"
    integrity sha512-WEk6iqgejA6ivjkvbJ47A+uMci225z5lZwLXCXZS3ZYR/kYje1gzzarkKKGL6TWpBw6smkOzxA7dfEoY0347Nw==
    dependencies:
      "@fastify/accept-negotiator" "^1.0.0"
      content-disposition "^0.5.3"
      fastify-plugin "^4.0.0"
      glob "^8.0.1"
      p-limit "^3.1.0"
      readable-stream "^4.0.0"
      send "^0.18.0"
  
  "@fastify/websocket@^6.0.0":
    version "6.0.1"
    resolved "https://registry.yarnpkg.com/@fastify/websocket/-/websocket-6.0.1.tgz#fbbcf49878b2bde54e13ba1087900fb3fff51548"
    integrity sha512-RdrPMpD/gjm7ocqFZN2TVHRAjDNG483dvH7cbMXJPTvIei2xz/sqa5TwtqGPrupU91GZjlUYQqUjQb/cQHA7kw==
    dependencies:
      fastify-plugin "^3.0.0"
      ws "^8.0.0"
  
  "@graphql-tools/merge@8.3.1":
    version "8.3.1"
    resolved "https://registry.yarnpkg.com/@graphql-tools/merge/-/merge-8.3.1.tgz#06121942ad28982a14635dbc87b5d488a041d722"
    integrity sha512-BMm99mqdNZbEYeTPK3it9r9S6rsZsQKtlqJsSBknAclXq2pGEfOxjcIZi+kBSkHZKPKCRrYDd5vY0+rUmIHVLg==
    dependencies:
      "@graphql-tools/utils" "8.9.0"
      tslib "^2.4.0"
  
  "@graphql-tools/schema@^8.5.1":
    version "8.5.1"
    resolved "https://registry.yarnpkg.com/@graphql-tools/schema/-/schema-8.5.1.tgz#c2f2ff1448380919a330312399c9471db2580b58"
    integrity sha512-0Esilsh0P/qYcB5DKQpiKeQs/jevzIadNTaT0jeWklPMwNbT7yMX4EqZany7mbeRRlSRwMzNzL5olyFdffHBZg==
    dependencies:
      "@graphql-tools/merge" "8.3.1"
      "@graphql-tools/utils" "8.9.0"
      tslib "^2.4.0"
      value-or-promise "1.0.11"
  
  "@graphql-tools/utils@8.9.0":
    version "8.9.0"
    resolved "https://registry.yarnpkg.com/@graphql-tools/utils/-/utils-8.9.0.tgz#c6aa5f651c9c99e1aca55510af21b56ec296cdb7"
    integrity sha512-pjJIWH0XOVnYGXCqej8g/u/tsfV4LvLlj0eATKQu5zwnxd/TiTHq7Cg313qUPTFFHZ3PP5wJ15chYVtLDwaymg==
    dependencies:
      tslib "^2.4.0"
  
  "@graphql-typed-document-node/core@^3.1.1":
    version "3.1.1"
    resolved "https://registry.yarnpkg.com/@graphql-typed-document-node/core/-/core-3.1.1.tgz#076d78ce99822258cf813ecc1e7fa460fa74d052"
    integrity sha512-NQ17ii0rK1b34VZonlmT2QMJFI70m0TRwbknO/ihlbatXyaktDhN/98vBiUU6kNBPljqGqyIrl2T4nY2RpFANg==
  
  abort-controller@^3.0.0:
    version "3.0.0"
    resolved "https://registry.yarnpkg.com/abort-controller/-/abort-controller-3.0.0.tgz#eaf54d53b62bae4138e809ca225c8439a6efb392"
    integrity sha512-h8lQ8tacZYnR3vNQTgibj+tODHI5/+l06Au2Pcriv/Gmet0eaj4TwWH41sO9wnHDiQsEj19q0drzdWdeAHtweg==
    dependencies:
      event-target-shim "^5.0.0"
  
  abstract-logging@^2.0.1:
    version "2.0.1"
    resolved "https://registry.yarnpkg.com/abstract-logging/-/abstract-logging-2.0.1.tgz#6b0c371df212db7129b57d2e7fcf282b8bf1c839"
    integrity sha512-2BjRTZxTPvheOvGbBslFSYOUkr+SjPtOnrLP33f+VIWLzezQpZcqVg7ja3L4dBXmzzgwT+a029jRx5PCi3JuiA==
  
  aggregate-error@^3.0.0:
    version "3.1.0"
    resolved "https://registry.yarnpkg.com/aggregate-error/-/aggregate-error-3.1.0.tgz#92670ff50f5359bdb7a3e0d40d0ec30c5737687a"
    integrity sha512-4I7Td01quW/RpocfNayFdFVk1qSuoh0E7JrbRJ16nH01HhKFQ88INq9Sd+nd72zqRySlr9BmDA8xlEJ6vJMrYA==
    dependencies:
      clean-stack "^2.0.0"
      indent-string "^4.0.0"
  
  ajv-formats@^2.1.1:
    version "2.1.1"
    resolved "https://registry.yarnpkg.com/ajv-formats/-/ajv-formats-2.1.1.tgz#6e669400659eb74973bbf2e33327180a0996b520"
    integrity sha512-Wx0Kx52hxE7C18hkMEggYlEifqWZtYaRgouJor+WMdPnQyEK13vgEWyVNup7SoeeoLMsr4kf5h6dOW11I15MUA==
    dependencies:
      ajv "^8.0.0"
  
  ajv@^6.11.0:
    version "6.12.6"
    resolved "https://registry.yarnpkg.com/ajv/-/ajv-6.12.6.tgz#baf5a62e802b07d977034586f8c3baf5adf26df4"
    integrity sha512-j3fVLgvTo527anyYyJOGTYJbG+vnnQYvE0m5mmkc1TK+nxAppkCLMIL0aZ4dblVCNoGShhm+kzE4ZUykBoMg4g==
    dependencies:
      fast-deep-equal "^3.1.1"
      fast-json-stable-stringify "^2.0.0"
      json-schema-traverse "^0.4.1"
      uri-js "^4.2.2"
  
  ajv@^8.0.0, ajv@^8.10.0:
    version "8.11.0"
    resolved "https://registry.yarnpkg.com/ajv/-/ajv-8.11.0.tgz#977e91dd96ca669f54a11e23e378e33b884a565f"
    integrity sha512-wGgprdCvMalC0BztXvitD2hC04YffAvtsUn93JbGXYLAtCUO4xd17mCCZQxUOItiBwZvJScWo8NIvQMQ71rdpg==
    dependencies:
      fast-deep-equal "^3.1.1"
      json-schema-traverse "^1.0.0"
      require-from-string "^2.0.2"
      uri-js "^4.2.2"
  
  archy@^1.0.0:
    version "1.0.0"
    resolved "https://registry.yarnpkg.com/archy/-/archy-1.0.0.tgz#f9c8c13757cc1dd7bc379ac77b2c62a5c2868c40"
    integrity sha512-Xg+9RwCg/0p32teKdGMPTPnVXKD0w3DfHnFTficozsAgsvq2XenPJq/MYpzzQ/v8zrOyJn6Ds39VA4JIDwFfqw==
  
  atomic-sleep@^1.0.0:
    version "1.0.0"
    resolved "https://registry.yarnpkg.com/atomic-sleep/-/atomic-sleep-1.0.0.tgz#eb85b77a601fc932cfe432c5acd364a9e2c9075b"
    integrity sha512-kNOjDqAh7px0XWNI+4QbzoiR/nTkHAWNud2uvnJquD1/x5a7EQZMJT0AczqK0Qn67oY/TTQ1LbUKajZpp3I9tQ==
  
  avvio@^8.1.3:
    version "8.2.0"
    resolved "https://registry.yarnpkg.com/avvio/-/avvio-8.2.0.tgz#aff28b0266617bf07ffc1c2d5f4220c3663ce1c2"
    integrity sha512-bbCQdg7bpEv6kGH41RO/3B2/GMMmJSo2iBK+X8AWN9mujtfUipMDfIjsgHCfpnKqoGEQrrmCDKSa5OQ19+fDmg==
    dependencies:
      archy "^1.0.0"
      debug "^4.0.0"
      fastq "^1.6.1"
  
  balanced-match@^1.0.0:
    version "1.0.2"
    resolved "https://registry.yarnpkg.com/balanced-match/-/balanced-match-1.0.2.tgz#e83e3a7e3f300b34cb9d87f615fa0cbf357690ee"
    integrity sha512-3oSeUO0TMV67hN1AmbXsK4yaqU7tjiHlbxRDZOpH0KW9+CeX4bRAaX0Anxt0tx2MrpRpWwQaPwIlISEJhYU5Pw==
  
  bowser@^2.11.0:
    version "2.11.0"
    resolved "https://registry.yarnpkg.com/bowser/-/bowser-2.11.0.tgz#5ca3c35757a7aa5771500c70a73a9f91ef420a8f"
    integrity sha512-AlcaJBi/pqqJBIQ8U9Mcpc9i8Aqxn88Skv5d+xBX006BY5u8N3mGLHa5Lgppa7L/HfwgwLgZ6NYs+Ag6uUmJRA==
  
  brace-expansion@^2.0.1:
    version "2.0.1"
    resolved "https://registry.yarnpkg.com/brace-expansion/-/brace-expansion-2.0.1.tgz#1edc459e0f0c548486ecf9fc99f2221364b9a0ae"
    integrity sha512-XnAIvQ8eM+kC6aULx6wuQiwVsnzsi9d3WxzV3FpWTGA19F621kwdbsAcFKXgKUHZWsy+mY6iL1sHTxWEFCytDA==
    dependencies:
      balanced-match "^1.0.0"
  
  clean-stack@^2.0.0:
    version "2.2.0"
    resolved "https://registry.yarnpkg.com/clean-stack/-/clean-stack-2.2.0.tgz#ee8472dbb129e727b31e8a10a427dee9dfe4008b"
    integrity sha512-4diC9HaTE+KRAMWhDhrGOECgWZxoevMc5TlkObMqNSsVU62PYzXZ/SMTjzyGAFF1YusgxGcSWTEXBhp0CPwQ1A==
  
  content-disposition@^0.5.3:
    version "0.5.4"
    resolved "https://registry.yarnpkg.com/content-disposition/-/content-disposition-0.5.4.tgz#8b82b4efac82512a02bb0b1dcec9d2c5e8eb5bfe"
    integrity sha512-FveZTNuGw04cxlAiWbzi6zTAL/lhehaWbTtgluJh4/E95DqMwTmha3KZN1aAWA8cFIhHzMZUvLevkw5Rqk+tSQ==
    dependencies:
      safe-buffer "5.2.1"
  
  cookie@^0.5.0:
    version "0.5.0"
    resolved "https://registry.yarnpkg.com/cookie/-/cookie-0.5.0.tgz#d1f5d71adec6558c58f389987c366aa47e994f8b"
    integrity sha512-YZ3GUyn/o8gfKJlnlX7g7xq4gyO6OSuhGPKaaGssGB2qgDUS0gPgtTvoyZLTt9Ab6dC4hfc9dV5arkvc/OCmrw==
  
  dataloader@^2.1.0:
    version "2.1.0"
    resolved "https://registry.yarnpkg.com/dataloader/-/dataloader-2.1.0.tgz#c69c538235e85e7ac6c6c444bae8ecabf5de9df7"
    integrity sha512-qTcEYLen3r7ojZNgVUaRggOI+KM7jrKxXeSHhogh/TWxYMeONEMqY+hmkobiYQozsGIyg9OYVzO4ZIfoB4I0pQ==
  
  debug@2.6.9:
    version "2.6.9"
    resolved "https://registry.yarnpkg.com/debug/-/debug-2.6.9.tgz#5d128515df134ff327e90a4c93f4e077a536341f"
    integrity sha512-bC7ElrdJaJnPbAP+1EotYvqZsb3ecl5wi6Bfi6BJTUcNowp6cvspg0jXznRTKDjm/E7AdgFBVeAPVMNcKGsHMA==
    dependencies:
      ms "2.0.0"
  
  debug@^4.0.0:
    version "4.3.4"
    resolved "https://registry.yarnpkg.com/debug/-/debug-4.3.4.tgz#1319f6579357f2338d3337d2cdd4914bb5dcc865"
    integrity sha512-PRWFHuSU3eDtQJPvnNY7Jcket1j0t5OuOsFzPPzsekD52Zl8qUfFIPEiswXqIvHWGVHOgX+7G/vCNNhehwxfkQ==
    dependencies:
      ms "2.1.2"
  
  deepmerge@^4.2.2:
    version "4.2.2"
    resolved "https://registry.yarnpkg.com/deepmerge/-/deepmerge-4.2.2.tgz#44d2ea3679b8f4d4ffba33f03d865fc1e7bf4955"
    integrity sha512-FJ3UgI4gIl+PHZm53knsuSFpE+nESMr7M4v9QcgB7S63Kj/6WqMiFQJpBBYz1Pt+66bZpP3Q7Lye0Oo9MPKEdg==
  
  depd@2.0.0:
    version "2.0.0"
    resolved "https://registry.yarnpkg.com/depd/-/depd-2.0.0.tgz#b696163cc757560d09cf22cc8fad1571b79e76df"
    integrity sha512-g7nH6P6dyDioJogAAGprGpCtVImJhpPk/roCzdb3fIh61/s/nPsfR6onyMwkCAR/OlC3yBC0lESvUoQEAssIrw==
  
  destroy@1.2.0:
    version "1.2.0"
    resolved "https://registry.yarnpkg.com/destroy/-/destroy-1.2.0.tgz#4803735509ad8be552934c67df614f94e66fa015"
    integrity sha512-2sJGJTaXIIaR1w4iJSNoN0hnMY7Gpc/n8D4qSCJw8QqFWXf7cuAgnEHxBpweaVcPevC2l3KpjYCx3NypQQgaJg==
  
  dynamodb-onetable@^2.3.8:
    version "2.3.8"
    resolved "https://registry.yarnpkg.com/dynamodb-onetable/-/dynamodb-onetable-2.3.8.tgz#7409c28cde435182ed17c58a39411cc42ed174d8"
    integrity sha512-GZOR9/RZDQsjnuIzhlxhdD5QnMiAp44L1LqFP6v+JRVr3mMH4Nr1QsF8eBShQmtoeIAMo5CduqibPq7mPg/H4w==
    dependencies:
      "@aws-sdk/client-dynamodb" "^3.72.0"
      "@aws-sdk/util-dynamodb" "^3.72.0"
  
  ee-first@1.1.1:
    version "1.1.1"
    resolved "https://registry.yarnpkg.com/ee-first/-/ee-first-1.1.1.tgz#590c61156b0ae2f4f0255732a158b266bc56b21d"
    integrity sha512-WMwm9LhRUo+WUaRN+vRuETqG89IgZphVSNkdFgeb6sS/E4OrDIN7t48CAewSHXc6C8lefD8KKfr5vY61brQlow==
  
  encodeurl@~1.0.2:
    version "1.0.2"
    resolved "https://registry.yarnpkg.com/encodeurl/-/encodeurl-1.0.2.tgz#ad3ff4c86ec2d029322f5a02c3a9a606c95b3f59"
    integrity sha512-TPJXq8JqFaVYm2CWmPvnP2Iyo4ZSM7/QKcSmuMLDObfpH5fi7RUGmd/rTDf+rut/saiDiQEeVTNgAmJEdAOx0w==
  
  entities@2.2.0:
    version "2.2.0"
    resolved "https://registry.yarnpkg.com/entities/-/entities-2.2.0.tgz#098dc90ebb83d8dffa089d55256b351d34c4da55"
    integrity sha512-p92if5Nz619I0w+akJrLZH0MX0Pb5DX39XOwQTtXSdQQOaYH03S1uIQp4mhOZtAXrxq4ViO67YTiLBo2638o9A==
  
  escape-html@~1.0.3:
    version "1.0.3"
    resolved "https://registry.yarnpkg.com/escape-html/-/escape-html-1.0.3.tgz#0258eae4d3d0c0974de1c169188ef0051d1d1988"
    integrity sha512-NiSupZ4OeuGwr68lGIeym/ksIZMJodUGOSCZ/FSnTxcrekbvqrgdUxlJOMpijaKZVjAJrWrGs/6Jy8OMuyj9ow==
  
  etag@~1.8.1:
    version "1.8.1"
    resolved "https://registry.yarnpkg.com/etag/-/etag-1.8.1.tgz#41ae2eeb65efa62268aebfea83ac7d79299b0887"
    integrity sha512-aIL5Fx7mawVa300al2BnEE4iNvo1qETxLrPI/o05L7z6go7fCw1J6EQmbK4FmJ2AS7kgVF/KEZWufBfdClMcPg==
  
  event-target-shim@^5.0.0:
    version "5.0.1"
    resolved "https://registry.yarnpkg.com/event-target-shim/-/event-target-shim-5.0.1.tgz#5d4d3ebdf9583d63a5333ce2deb7480ab2b05789"
    integrity sha512-i/2XbnSz/uxRCU6+NdVJgKWDTM427+MqYbkQzD321DuCQJUqOuJKIA0IM2+W2xtYHdKOmZ4dR6fExsd4SXL+WQ==
  
  events.on@^1.0.1:
    version "1.0.1"
    resolved "https://registry.yarnpkg.com/events.on/-/events.on-1.0.1.tgz#9fe6c69c0c5da10d4988eeffc476f6f9eeb540a3"
    integrity sha512-yT4htzImIQAf7mFV3heqTRNVwysZIgQjrribiCYQk152gcG6shz/WU/6xVGr0oDzkzcDPhMcCYy4lEKBiadSRA==
  
  fast-deep-equal@^3.1.1, fast-deep-equal@^3.1.3:
    version "3.1.3"
    resolved "https://registry.yarnpkg.com/fast-deep-equal/-/fast-deep-equal-3.1.3.tgz#3a7d56b559d6cbc3eb512325244e619a65c6c525"
    integrity sha512-f3qQ9oQy9j2AhBe/H9VC91wLmKBCCU/gDOnKNAYG5hswO7BLKj09Hc5HYNz9cGI++xlpDCIgDaitVs03ATR84Q==
  
  fast-json-stable-stringify@^2.0.0:
    version "2.1.0"
    resolved "https://registry.yarnpkg.com/fast-json-stable-stringify/-/fast-json-stable-stringify-2.1.0.tgz#874bf69c6f404c2b5d99c481341399fd55892633"
    integrity sha512-lhd/wF+Lk98HZoTCtlVraHtfh5XYijIjalXck7saUtuanSDyLMxnHhSXEDJqHxD7msR8D0uCmqlkwjCV8xvwHw==
  
  fast-json-stringify@^1.21.0:
    version "1.21.0"
    resolved "https://registry.yarnpkg.com/fast-json-stringify/-/fast-json-stringify-1.21.0.tgz#51bc8c6d77d8c7b2cc7e5fa754f7f909f9e1262f"
    integrity sha512-xY6gyjmHN3AK1Y15BCbMpeO9+dea5ePVsp3BouHCdukcx0hOHbXwFhRodhcI0NpZIgDChSeAKkHW9YjKvhwKBA==
    dependencies:
      ajv "^6.11.0"
      deepmerge "^4.2.2"
      string-similarity "^4.0.1"
  
  fast-json-stringify@^5.0.0:
    version "5.1.0"
    resolved "https://registry.yarnpkg.com/fast-json-stringify/-/fast-json-stringify-5.1.0.tgz#dc184049d7eed4f61e34f65e97c0763fd043977f"
    integrity sha512-IybGfbUc1DQgyrp9Myhwlr1Z5vjV37mBkdgcbuvsvUxv5fayG+cHlTQQpXH9nMwUPgp+5Y3RT7QDgx5zJ9NS3A==
    dependencies:
      "@fastify/deepmerge" "^1.0.0"
      ajv "^8.10.0"
      ajv-formats "^2.1.1"
      fast-uri "^2.1.0"
      rfdc "^1.2.0"
  
  fast-redact@^3.1.1:
    version "3.1.1"
    resolved "https://registry.yarnpkg.com/fast-redact/-/fast-redact-3.1.1.tgz#790fcff8f808c2e12fabbfb2be5cb2deda448fa0"
    integrity sha512-odVmjC8x8jNeMZ3C+rPMESzXVSEU8tSWSHv9HFxP2mm89G/1WwqhrerJDQm9Zus8X6aoRgQDThKqptdNA6bt+A==
  
  fast-uri@^2.0.0, fast-uri@^2.1.0:
    version "2.1.0"
    resolved "https://registry.yarnpkg.com/fast-uri/-/fast-uri-2.1.0.tgz#9279432d6b53675c90116b947ed2bbba582d6fb5"
    integrity sha512-qKRta6N7BWEFVlyonVY/V+BMLgFqktCUV0QjT259ekAIlbVrMaFnFLxJ4s/JPl4tou56S1BzPufI60bLe29fHA==
  
  fast-xml-parser@3.19.0:
    version "3.19.0"
    resolved "https://registry.yarnpkg.com/fast-xml-parser/-/fast-xml-parser-3.19.0.tgz#cb637ec3f3999f51406dd8ff0e6fc4d83e520d01"
    integrity sha512-4pXwmBplsCPv8FOY1WRakF970TjNGnGnfbOnLqjlYvMiF1SR3yOHyxMR/YCXpPTOspNF5gwudqktIP4VsWkvBg==
  
  fastify-plugin@^3.0.0, fastify-plugin@^3.0.1:
    version "3.0.1"
    resolved "https://registry.yarnpkg.com/fastify-plugin/-/fastify-plugin-3.0.1.tgz#79e84c29f401020f38b524f59f2402103fd21ed2"
    integrity sha512-qKcDXmuZadJqdTm6vlCqioEbyewF60b/0LOFCcYN1B6BIZGlYJumWWOYs70SFYLDAH4YqdE1cxH/RKMG7rFxgA==
  
  fastify-plugin@^4.0.0:
    version "4.0.0"
    resolved "https://registry.yarnpkg.com/fastify-plugin/-/fastify-plugin-4.0.0.tgz#65c2f538a8d869d59c7364a56565687e78e32390"
    integrity sha512-ZJcXPPcqkj7HFDYqbsCuOIAgIZ/sd2b+OnBxNGyxAcUDUJfIpxp4t23CwxO2E7LZpqUrIliA4TnjxTXG8mLoqw==
  
  fastify@^4.3.0:
    version "4.3.0"
    resolved "https://registry.yarnpkg.com/fastify/-/fastify-4.3.0.tgz#f5ed96a3fc533b92018c3968340897badf036eb8"
    integrity sha512-9q5Ron8jWmX6ElFkgZH4zmIIXdnkGIu16JozWG2ohcs7th5rAo1ymNi+rn6xCmbWc6jl9lf+9OxVe93LOg6/2w==
    dependencies:
      "@fastify/ajv-compiler" "^3.1.1"
      "@fastify/error" "^3.0.0"
      "@fastify/fast-json-stringify-compiler" "^4.0.0"
      abstract-logging "^2.0.1"
      avvio "^8.1.3"
      find-my-way "^7.0.0"
      light-my-request "^5.0.0"
      pino "^8.0.0"
      process-warning "^2.0.0"
      proxy-addr "^2.0.7"
      rfdc "^1.3.0"
      secure-json-parse "^2.4.0"
      semver "^7.3.7"
      tiny-lru "^8.0.2"
  
  fastparallel@^2.3.0:
    version "2.4.1"
    resolved "https://registry.yarnpkg.com/fastparallel/-/fastparallel-2.4.1.tgz#0d984a5813ffa67f30b4a5cb4cb8cbe61c7ee5a5"
    integrity sha512-qUmhxPgNHmvRjZKBFUNI0oZuuH9OlSIOXmJ98lhKPxMZZ7zS/Fi0wRHOihDSz0R1YiIOjxzOY4bq65YTcdBi2Q==
    dependencies:
      reusify "^1.0.4"
      xtend "^4.0.2"
  
  fastq@^1.6.1:
    version "1.13.0"
    resolved "https://registry.yarnpkg.com/fastq/-/fastq-1.13.0.tgz#616760f88a7526bdfc596b7cab8c18938c36b98c"
    integrity sha512-YpkpUnK8od0o1hmeSc7UUs/eB/vIPWJYjKck2QKIzAf71Vm1AAQ3EbuZB3g2JIy+pg+ERD0vqI79KyZiB2e2Nw==
    dependencies:
      reusify "^1.0.4"
  
  find-my-way@^7.0.0:
    version "7.0.1"
    resolved "https://registry.yarnpkg.com/find-my-way/-/find-my-way-7.0.1.tgz#079d6a8b474754e073c75778da678f59dedd620f"
    integrity sha512-w05SaOPg54KqBof/RDA+75n1R48V7ZZNPL3nR17jJJs5dgZpR3ivfrMWOyx7BVFQgCLhYRG05hfgFCohYvSUXA==
    dependencies:
      fast-deep-equal "^3.1.3"
      safe-regex2 "^2.0.0"
  
  forwarded@0.2.0:
    version "0.2.0"
    resolved "https://registry.yarnpkg.com/forwarded/-/forwarded-0.2.0.tgz#2269936428aad4c15c7ebe9779a84bf0b2a81811"
    integrity sha512-buRG0fpBtRHSTCOASe6hD258tEubFoRLb4ZNA6NxMVHNw2gOcwHo9wyablzMzOA5z9xA9L1KNjk/Nt6MT9aYow==
  
  fresh@0.5.2:
    version "0.5.2"
    resolved "https://registry.yarnpkg.com/fresh/-/fresh-0.5.2.tgz#3d8cadd90d976569fa835ab1f8e4b23a105605a7"
    integrity sha512-zJ2mQYM18rEFOudeV4GShTGIQ7RbzA7ozbU9I/XBpm7kqgMywgmylMwXHxZJmkVoYkna9d2pVXVXPdYTP9ej8Q==
  
  fs.realpath@^1.0.0:
    version "1.0.0"
    resolved "https://registry.yarnpkg.com/fs.realpath/-/fs.realpath-1.0.0.tgz#1504ad2523158caa40db4a2787cb01411994ea4f"
    integrity sha512-OO0pH2lK6a0hZnAdau5ItzHPI6pUlvI7jMVnxUQRtw4owF2wk8lOSabtGDCTP4Ggrg2MbGnWO9X8K1t4+fGMDw==
  
  generate-function@^2.3.1:
    version "2.3.1"
    resolved "https://registry.yarnpkg.com/generate-function/-/generate-function-2.3.1.tgz#f069617690c10c868e73b8465746764f97c3479f"
    integrity sha512-eeB5GfMNeevm/GRYq20ShmsaGcmI81kIX2K9XQx5miC8KdHaC6Jm0qQ8ZNeGOi7wYB8OsdxKs+Y2oVuTFuVwKQ==
    dependencies:
      is-property "^1.0.2"
  
  glob@^8.0.1:
    version "8.0.3"
    resolved "https://registry.yarnpkg.com/glob/-/glob-8.0.3.tgz#415c6eb2deed9e502c68fa44a272e6da6eeca42e"
    integrity sha512-ull455NHSHI/Y1FqGaaYFaLGkNMMJbavMrEGFXG/PGrg6y7sutWHUHrz6gy6WEBH6akM1M414dWKCNs+IhKdiQ==
    dependencies:
      fs.realpath "^1.0.0"
      inflight "^1.0.4"
      inherits "2"
      minimatch "^5.0.1"
      once "^1.3.0"
  
  graphql-jit@^0.7.3:
    version "0.7.4"
    resolved "https://registry.yarnpkg.com/graphql-jit/-/graphql-jit-0.7.4.tgz#bc8ccf79596d13dff3835902a466f9a5ecc3a8c1"
    integrity sha512-kWyHmsQtKMD6xcKDgf4dgPLyIZhviqA6IWGdnA0ElL9wgrIOTxf3eI4c0/U3tnoAU3t09zliVCfDkfIptzYjIA==
    dependencies:
      "@graphql-typed-document-node/core" "^3.1.1"
      fast-json-stringify "^1.21.0"
      generate-function "^2.3.1"
      json-schema "^0.4.0"
      lodash.memoize "^4.1.2"
      lodash.merge "4.6.2"
      lodash.mergewith "4.6.2"
  
  graphql@^16.0.0, graphql@^16.5.0:
    version "16.5.0"
    resolved "https://registry.yarnpkg.com/graphql/-/graphql-16.5.0.tgz#41b5c1182eaac7f3d47164fb247f61e4dfb69c85"
    integrity sha512-qbHgh8Ix+j/qY+a/ZcJnFQ+j8ezakqPiHwPiZhV/3PgGlgf96QMBB5/f2rkiC9sgLoy/xvT6TSiaf2nTHJh5iA==
  
  http-errors@2.0.0:
    version "2.0.0"
    resolved "https://registry.yarnpkg.com/http-errors/-/http-errors-2.0.0.tgz#b7774a1486ef73cf7667ac9ae0858c012c57b9d3"
    integrity sha512-FtwrG/euBzaEjYeRqOgly7G0qviiXoJWnvEH2Z1plBdXgbyjv34pHTSb9zoeHMyDy33+DWy5Wt9Wo+TURtOYSQ==
    dependencies:
      depd "2.0.0"
      inherits "2.0.4"
      setprototypeof "1.2.0"
      statuses "2.0.1"
      toidentifier "1.0.1"
  
  indent-string@^4.0.0:
    version "4.0.0"
    resolved "https://registry.yarnpkg.com/indent-string/-/indent-string-4.0.0.tgz#624f8f4497d619b2d9768531d58f4122854d7251"
    integrity sha512-EdDDZu4A2OyIK7Lr/2zG+w5jmbuk1DVBnEwREQvBzspBJkCEbRa8GxU1lghYcaGJCnRWibjDXlq779X1/y5xwg==
  
  inflight@^1.0.4:
    version "1.0.6"
    resolved "https://registry.yarnpkg.com/inflight/-/inflight-1.0.6.tgz#49bd6331d7d02d0c09bc910a1075ba8165b56df9"
    integrity sha512-k92I/b08q4wvFscXCLvqfsHCrjrF7yiXsQuIVvVE7N82W3+aqpzuUdBbfhWcy/FZR3/4IgflMgKLOsvPDrGCJA==
    dependencies:
      once "^1.3.0"
      wrappy "1"
  
  inherits@2, inherits@2.0.4:
    version "2.0.4"
    resolved "https://registry.yarnpkg.com/inherits/-/inherits-2.0.4.tgz#0fa2c64f932917c3433a0ded55363aae37416b7c"
    integrity sha512-k/vGaX4/Yla3WzyMCvTQOXYeIHvqOKtnqBduzTHpzpQZzAskKMhZ2K+EnBiSM9zGSoIFeMpXKxa4dYeZIQqewQ==
  
  ipaddr.js@1.9.1:
    version "1.9.1"
    resolved "https://registry.yarnpkg.com/ipaddr.js/-/ipaddr.js-1.9.1.tgz#bff38543eeb8984825079ff3a2a8e6cbd46781b3"
    integrity sha512-0KI/607xoxSToH7GjN1FfSbLoU0+btTicjsQSWQlh/hZykN8KpmMf7uYwPW3R+akZ6R/w18ZlXSHBYXiYUPO3g==
  
  is-property@^1.0.2:
    version "1.0.2"
    resolved "https://registry.yarnpkg.com/is-property/-/is-property-1.0.2.tgz#57fe1c4e48474edd65b09911f26b1cd4095dda84"
    integrity sha512-Ks/IoX00TtClbGQr4TWXemAnktAQvYB7HzcCxDGqEZU6oCmb2INHuOoKxbtR+HFkmYWBKv/dOZtGRiAjDhj92g==
  
  json-schema-traverse@^0.4.1:
    version "0.4.1"
    resolved "https://registry.yarnpkg.com/json-schema-traverse/-/json-schema-traverse-0.4.1.tgz#69f6a87d9513ab8bb8fe63bdb0979c448e684660"
    integrity sha512-xbbCH5dCYU5T8LcEhhuh7HJ88HXuW3qsI3Y0zOZFKfZEHcpWiHU/Jxzk629Brsab/mMiHQti9wMP+845RPe3Vg==
  
  json-schema-traverse@^1.0.0:
    version "1.0.0"
    resolved "https://registry.yarnpkg.com/json-schema-traverse/-/json-schema-traverse-1.0.0.tgz#ae7bcb3656ab77a73ba5c49bf654f38e6b6860e2"
    integrity sha512-NM8/P9n3XjXhIZn1lLhkFaACTOURQXjWhV4BA/RnOv8xvgqtqpAX9IO4mRQxSx1Rlo4tqzeqb0sOlruaOy3dug==
  
  json-schema@^0.4.0:
    version "0.4.0"
    resolved "https://registry.yarnpkg.com/json-schema/-/json-schema-0.4.0.tgz#f7de4cf6efab838ebaeb3236474cbba5a1930ab5"
    integrity sha512-es94M3nTIfsEPisRafak+HDLfHXnKBhV3vU5eqPcS3flIWqcxJWgXHXiey3YrpaNsanY5ei1VoYEbOzijuq9BA==
  
  light-my-request@^5.0.0:
    version "5.3.0"
    resolved "https://registry.yarnpkg.com/light-my-request/-/light-my-request-5.3.0.tgz#183b2f2db5e7b021b4a7dd450d2406c45f8a1c9d"
    integrity sha512-AdBNkWTD+CnFYGa6lCowLU0DMNBelq58vQXl1jWOvbMsMVzZzJyN5K94VOI2EhqLtskJNUi2ALgI8KNmXl+74A==
    dependencies:
      cookie "^0.5.0"
      process-warning "^2.0.0"
      set-cookie-parser "^2.4.1"
  
  lodash.memoize@^4.1.2:
    version "4.1.2"
    resolved "https://registry.yarnpkg.com/lodash.memoize/-/lodash.memoize-4.1.2.tgz#bcc6c49a42a2840ed997f323eada5ecd182e0bfe"
    integrity sha512-t7j+NzmgnQzTAYXcsHYLgimltOV1MXHtlOWf6GjL9Kj8GK5FInw5JotxvbOs+IvV1/Dzo04/fCGfLVs7aXb4Ag==
  
  lodash.merge@4.6.2:
    version "4.6.2"
    resolved "https://registry.yarnpkg.com/lodash.merge/-/lodash.merge-4.6.2.tgz#558aa53b43b661e1925a0afdfa36a9a1085fe57a"
    integrity sha512-0KpjqXRVvrYyCsX1swR/XTK0va6VQkQM6MNo7PqW77ByjAhoARA8EfrP1N4+KlKj8YS0ZUCtRT/YUuhyYDujIQ==
  
  lodash.mergewith@4.6.2:
    version "4.6.2"
    resolved "https://registry.yarnpkg.com/lodash.mergewith/-/lodash.mergewith-4.6.2.tgz#617121f89ac55f59047c7aec1ccd6654c6590f55"
    integrity sha512-GK3g5RPZWTRSeLSpgP8Xhra+pnjBC56q9FZYe1d5RN3TJ35dbkGy3YqBSMbyCrlbi+CM9Z3Jk5yTL7RCsqboyQ==
  
  lru-cache@^6.0.0:
    version "6.0.0"
    resolved "https://registry.yarnpkg.com/lru-cache/-/lru-cache-6.0.0.tgz#6d6fe6570ebd96aaf90fcad1dafa3b2566db3a94"
    integrity sha512-Jo6dJ04CmSjuznwJSS3pUeWmd/H0ffTlkXXgwZi+eq1UCmqQwCh+eLsYOYCwY991i2Fah4h1BEMCx4qThGbsiA==
    dependencies:
      yallist "^4.0.0"
  
  mercurius@^10.1.0:
    version "10.1.0"
    resolved "https://registry.yarnpkg.com/mercurius/-/mercurius-10.1.0.tgz#c05b839335dea0c0eb99f5270a83bebecc1d3129"
    integrity sha512-7CBxRcxRELyGDz2FernU2dogyJ2b7Vp4JBUx68Pn082xNH97Oel/Mt4yPpn7V2V1bY7MyuxSF+oZLzFlG+5jCw==
    dependencies:
      "@fastify/error" "^3.0.0"
      "@fastify/static" "^6.0.0"
      "@fastify/websocket" "^6.0.0"
      events.on "^1.0.1"
      fastify-plugin "^3.0.1"
      graphql "^16.0.0"
      graphql-jit "^0.7.3"
      mqemitter "^5.0.0"
      p-map "^4.0.0"
      readable-stream "^4.0.0"
      safe-stable-stringify "^2.3.0"
      secure-json-parse "^2.4.0"
      single-user-cache "^0.6.0"
      tiny-lru "^8.0.1"
      undici "^5.0.0"
      ws "^8.2.2"
  
  mime@1.6.0:
    version "1.6.0"
    resolved "https://registry.yarnpkg.com/mime/-/mime-1.6.0.tgz#32cd9e5c64553bd58d19a568af452acff04981b1"
    integrity sha512-x0Vn8spI+wuJ1O6S7gnbaQg8Pxh4NNHb7KSINmEWKiPE4RKOplvijn+NkmYmmRgP68mc70j2EbeTFRsrswaQeg==
  
  minimatch@^5.0.1:
    version "5.1.0"
    resolved "https://registry.yarnpkg.com/minimatch/-/minimatch-5.1.0.tgz#1717b464f4971b144f6aabe8f2d0b8e4511e09c7"
    integrity sha512-9TPBGGak4nHfGZsPBohm9AWg6NoT7QTCehS3BIJABslyZbzxfV78QM2Y6+i741OPZIafFAaiiEMh5OyIrJPgtg==
    dependencies:
      brace-expansion "^2.0.1"
  
  mnemonist@0.38.3:
    version "0.38.3"
    resolved "https://registry.yarnpkg.com/mnemonist/-/mnemonist-0.38.3.tgz#35ec79c1c1f4357cfda2fe264659c2775ccd7d9d"
    integrity sha512-2K9QYubXx/NAjv4VLq1d1Ly8pWNC5L3BrixtdkyTegXWJIqY+zLNDhhX/A+ZwWt70tB1S8H4BE8FLYEFyNoOBw==
    dependencies:
      obliterator "^1.6.1"
  
  mqemitter@^5.0.0:
    version "5.0.0"
    resolved "https://registry.yarnpkg.com/mqemitter/-/mqemitter-5.0.0.tgz#ab7a14c92cf30493c5ca4714cc4ce6c56434cbf5"
    integrity sha512-rqNRQhGgl0W/NV+Zrx0rpAUTZcSlAtivCVUmXBUPcFYt+AeDEpoJgy5eKlFWJP6xnatONL59WIFdV0W6niOMhw==
    dependencies:
      fastparallel "^2.3.0"
      qlobber "^7.0.0"
  
  ms@2.0.0:
    version "2.0.0"
    resolved "https://registry.yarnpkg.com/ms/-/ms-2.0.0.tgz#5608aeadfc00be6c2901df5f9861788de0d597c8"
    integrity sha512-Tpp60P6IUJDTuOq/5Z8cdskzJujfwqfOTkrwIwj7IRISpnkJnT6SyJ4PCPnGMoFjC9ddhal5KVIYtAt97ix05A==
  
  ms@2.1.2:
    version "2.1.2"
    resolved "https://registry.yarnpkg.com/ms/-/ms-2.1.2.tgz#d09d1f357b443f493382a8eb3ccd183872ae6009"
    integrity sha512-sGkPx+VjMtmA6MX27oA4FBFELFCZZ4S4XqeGOXCv68tT+jb3vk/RyaKWP0PTKyWtmLSM0b+adUTEvbs1PEaH2w==
  
  ms@2.1.3:
    version "2.1.3"
    resolved "https://registry.yarnpkg.com/ms/-/ms-2.1.3.tgz#574c8138ce1d2b5861f0b44579dbadd60c6615b2"
    integrity sha512-6FlzubTLZG3J2a/NVCAleEhjzq5oxgHyaCU9yYXvcLsvoVaHJq/s5xXI6/XXP6tz7R9xAOtHnSO/tXtF3WRTlA==
  
  obliterator@^1.6.1:
    version "1.6.1"
    resolved "https://registry.yarnpkg.com/obliterator/-/obliterator-1.6.1.tgz#dea03e8ab821f6c4d96a299e17aef6a3af994ef3"
    integrity sha512-9WXswnqINnnhOG/5SLimUlzuU1hFJUc8zkwyD59Sd+dPOMf05PmnYG/d6Q7HZ+KmgkZJa1PxRso6QdM3sTNHig==
  
  on-exit-leak-free@^2.1.0:
    version "2.1.0"
    resolved "https://registry.yarnpkg.com/on-exit-leak-free/-/on-exit-leak-free-2.1.0.tgz#5c703c968f7e7f851885f6459bf8a8a57edc9cc4"
    integrity sha512-VuCaZZAjReZ3vUwgOB8LxAosIurDiAW0s13rI1YwmaP++jvcxP77AWoQvenZebpCA2m8WC1/EosPYPMjnRAp/w==
  
  on-finished@2.4.1:
    version "2.4.1"
    resolved "https://registry.yarnpkg.com/on-finished/-/on-finished-2.4.1.tgz#58c8c44116e54845ad57f14ab10b03533184ac3f"
    integrity sha512-oVlzkg3ENAhCk2zdv7IJwd/QUD4z2RxRwpkcGY8psCVcCYZNq4wYnVWALHM+brtuJjePWiYF/ClmuDr8Ch5+kg==
    dependencies:
      ee-first "1.1.1"
  
  once@^1.3.0:
    version "1.4.0"
    resolved "https://registry.yarnpkg.com/once/-/once-1.4.0.tgz#583b1aa775961d4b113ac17d9c50baef9dd76bd1"
    integrity sha512-lNaJgI+2Q5URQBkccEKHTQOPaXdUxnZZElQTZY0MFUAuaEqe1E+Nyvgdz/aIyNi6Z9MzO5dv1H8n58/GELp3+w==
    dependencies:
      wrappy "1"
  
  p-limit@^3.1.0:
    version "3.1.0"
    resolved "https://registry.yarnpkg.com/p-limit/-/p-limit-3.1.0.tgz#e1daccbe78d0d1388ca18c64fea38e3e57e3706b"
    integrity sha512-TYOanM3wGwNGsZN2cVTYPArw454xnXj5qmWF1bEoAc4+cU/ol7GVh7odevjp1FNHduHc3KZMcFduxU5Xc6uJRQ==
    dependencies:
      yocto-queue "^0.1.0"
  
  p-map@^4.0.0:
    version "4.0.0"
    resolved "https://registry.yarnpkg.com/p-map/-/p-map-4.0.0.tgz#bb2f95a5eda2ec168ec9274e06a747c3e2904d2b"
    integrity sha512-/bjOqmgETBYB5BoEeGVea8dmvHb2m9GLy1E9W43yeyfP6QQCZGFNa+XRceJEuDB6zqr+gKpIAmlLebMpykw/MQ==
    dependencies:
      aggregate-error "^3.0.0"
  
  pino-abstract-transport@v1.0.0:
    version "1.0.0"
    resolved "https://registry.yarnpkg.com/pino-abstract-transport/-/pino-abstract-transport-1.0.0.tgz#cc0d6955fffcadb91b7b49ef220a6cc111d48bb3"
    integrity sha512-c7vo5OpW4wIS42hUVcT5REsL8ZljsUfBjqV/e2sFxmFEFZiq1XLUp5EYLtuDH6PEHq9W1egWqRbnLUP5FuZmOA==
    dependencies:
      readable-stream "^4.0.0"
      split2 "^4.0.0"
  
  pino-std-serializers@^6.0.0:
    version "6.0.0"
    resolved "https://registry.yarnpkg.com/pino-std-serializers/-/pino-std-serializers-6.0.0.tgz#4c20928a1bafca122fdc2a7a4a171ca1c5f9c526"
    integrity sha512-mMMOwSKrmyl+Y12Ri2xhH1lbzQxwwpuru9VjyJpgFIH4asSj88F2csdMwN6+M5g1Ll4rmsYghHLQJw81tgZ7LQ==
  
  pino@^8.0.0:
    version "8.3.1"
    resolved "https://registry.yarnpkg.com/pino/-/pino-8.3.1.tgz#99be4376d9577e3508bd6b18cd767339d4a640f4"
    integrity sha512-G5KDVXr8viwc/n7iKfDyqqRZflY7OpJn0SDq1wagUhXkcPodZuSymLFziSuD/gCEcVG65IN5MPDY4ZMT9OJWfg==
    dependencies:
      atomic-sleep "^1.0.0"
      fast-redact "^3.1.1"
      on-exit-leak-free "^2.1.0"
      pino-abstract-transport v1.0.0
      pino-std-serializers "^6.0.0"
      process-warning "^2.0.0"
      quick-format-unescaped "^4.0.3"
      real-require "^0.2.0"
      safe-stable-stringify "^2.3.1"
      sonic-boom "^3.1.0"
      thread-stream "^2.0.0"
  
  process-warning@^2.0.0:
    version "2.0.0"
    resolved "https://registry.yarnpkg.com/process-warning/-/process-warning-2.0.0.tgz#341dbeaac985b90a04ebcd844d50097c7737b2ee"
    integrity sha512-+MmoAXoUX+VTHAlwns0h+kFUWFs/3FZy+ZuchkgjyOu3oioLAo2LB5aCfKPh2+P9O18i3m43tUEv3YqttSy0Ww==
  
  proxy-addr@^2.0.7:
    version "2.0.7"
    resolved "https://registry.yarnpkg.com/proxy-addr/-/proxy-addr-2.0.7.tgz#f19fe69ceab311eeb94b42e70e8c2070f9ba1025"
    integrity sha512-llQsMLSUDUPT44jdrU/O37qlnifitDP+ZwrmmZcoSKyLKvtZxpyV0n2/bD/N4tBAAZ/gJEdZU7KMraoK1+XYAg==
    dependencies:
      forwarded "0.2.0"
      ipaddr.js "1.9.1"
  
  punycode@^2.1.0:
    version "2.1.1"
    resolved "https://registry.yarnpkg.com/punycode/-/punycode-2.1.1.tgz#b58b010ac40c22c5657616c8d2c2c02c7bf479ec"
    integrity sha512-XRsRjdf+j5ml+y/6GKHPZbrF/8p2Yga0JPtdqTIY2Xe5ohJPD9saDJJLPvp9+NSBprVvevdXZybnj2cv8OEd0A==
  
  qlobber@^7.0.0:
    version "7.0.1"
    resolved "https://registry.yarnpkg.com/qlobber/-/qlobber-7.0.1.tgz#2346664844d35cb99b8d80c8dc8a74264c078c69"
    integrity sha512-FsFg9lMuMEFNKmTO9nV7tlyPhx8BmskPPjH2akWycuYVTtWaVwhW5yCHLJQ6Q+3mvw5cFX2vMfW2l9z2SiYAbg==
  
  quick-format-unescaped@^4.0.3:
    version "4.0.4"
    resolved "https://registry.yarnpkg.com/quick-format-unescaped/-/quick-format-unescaped-4.0.4.tgz#93ef6dd8d3453cbc7970dd614fad4c5954d6b5a7"
    integrity sha512-tYC1Q1hgyRuHgloV/YXs2w15unPVh8qfu/qCTfhTYamaw7fyhumKa2yGpdSo87vY32rIclj+4fWYQXUMs9EHvg==
  
  range-parser@~1.2.1:
    version "1.2.1"
    resolved "https://registry.yarnpkg.com/range-parser/-/range-parser-1.2.1.tgz#3cf37023d199e1c24d1a55b84800c2f3e6468031"
    integrity sha512-Hrgsx+orqoygnmhFbKaHE6c296J+HTAQXoxEF6gNupROmmGJRoyzfG3ccAveqCBrwr/2yxQ5BVd/GTl5agOwSg==
  
  readable-stream@^4.0.0:
    version "4.1.0"
    resolved "https://registry.yarnpkg.com/readable-stream/-/readable-stream-4.1.0.tgz#280d0a29f559d3fb684a277254e02b6f61ae0631"
    integrity sha512-sVisi3+P2lJ2t0BPbpK629j8wRW06yKGJUcaLAGXPAUhyUxVJm7VsCTit1PFgT4JHUDMrGNR+ZjSKpzGaRF3zw==
    dependencies:
      abort-controller "^3.0.0"
  
  real-require@^0.1.0:
    version "0.1.0"
    resolved "https://registry.yarnpkg.com/real-require/-/real-require-0.1.0.tgz#736ac214caa20632847b7ca8c1056a0767df9381"
    integrity sha512-r/H9MzAWtrv8aSVjPCMFpDMl5q66GqtmmRkRjpHTsp4zBAa+snZyiQNlMONiUmEJcsnaw0wCauJ2GWODr/aFkg==
  
  real-require@^0.2.0:
    version "0.2.0"
    resolved "https://registry.yarnpkg.com/real-require/-/real-require-0.2.0.tgz#209632dea1810be2ae063a6ac084fee7e33fba78"
    integrity sha512-57frrGM/OCTLqLOAh0mhVA9VBMHd+9U7Zb2THMGdBUoZVOtGbJzjxsYGDJ3A9AYYCP4hn6y1TVbaOfzWtm5GFg==
  
  require-from-string@^2.0.2:
    version "2.0.2"
    resolved "https://registry.yarnpkg.com/require-from-string/-/require-from-string-2.0.2.tgz#89a7fdd938261267318eafe14f9c32e598c36909"
    integrity sha512-Xf0nWe6RseziFMu+Ap9biiUbmplq6S9/p+7w7YXP/JBHhrUDDUhwa+vANyubuqfZWTveU//DYVGsDG7RKL/vEw==
  
  ret@~0.2.0:
    version "0.2.2"
    resolved "https://registry.yarnpkg.com/ret/-/ret-0.2.2.tgz#b6861782a1f4762dce43402a71eb7a283f44573c"
    integrity sha512-M0b3YWQs7R3Z917WRQy1HHA7Ba7D8hvZg6UE5mLykJxQVE2ju0IXbGlaHPPlkY+WN7wFP+wUMXmBFA0aV6vYGQ==
  
  reusify@^1.0.4:
    version "1.0.4"
    resolved "https://registry.yarnpkg.com/reusify/-/reusify-1.0.4.tgz#90da382b1e126efc02146e90845a88db12925d76"
    integrity sha512-U9nH88a3fc/ekCF1l0/UP1IosiuIjyTh7hBvXVMHYgVcfGvt897Xguj2UOLDeI5BG2m7/uwyaLVT6fbtCwTyzw==
  
  rfdc@^1.2.0, rfdc@^1.3.0:
    version "1.3.0"
    resolved "https://registry.yarnpkg.com/rfdc/-/rfdc-1.3.0.tgz#d0b7c441ab2720d05dc4cf26e01c89631d9da08b"
    integrity sha512-V2hovdzFbOi77/WajaSMXk2OLm+xNIeQdMMuB7icj7bk6zi2F8GGAxigcnDFpJHbNyNcgyJDiP+8nOrY5cZGrA==
  
  safe-buffer@5.2.1:
    version "5.2.1"
    resolved "https://registry.yarnpkg.com/safe-buffer/-/safe-buffer-5.2.1.tgz#1eaf9fa9bdb1fdd4ec75f58f9cdb4e6b7827eec6"
    integrity sha512-rp3So07KcdmmKbGvgaNxQSJr7bGVSVk5S9Eq1F+ppbRo70+YeaDxkw5Dd8NPN+GD6bjnYm2VuPuCXmpuYvmCXQ==
  
  safe-regex2@^2.0.0:
    version "2.0.0"
    resolved "https://registry.yarnpkg.com/safe-regex2/-/safe-regex2-2.0.0.tgz#b287524c397c7a2994470367e0185e1916b1f5b9"
    integrity sha512-PaUSFsUaNNuKwkBijoAPHAK6/eM6VirvyPWlZ7BAQy4D+hCvh4B6lIG+nPdhbFfIbP+gTGBcrdsOaUs0F+ZBOQ==
    dependencies:
      ret "~0.2.0"
  
  safe-stable-stringify@^2.0.0, safe-stable-stringify@^2.3.0, safe-stable-stringify@^2.3.1:
    version "2.3.1"
    resolved "https://registry.yarnpkg.com/safe-stable-stringify/-/safe-stable-stringify-2.3.1.tgz#ab67cbe1fe7d40603ca641c5e765cb942d04fc73"
    integrity sha512-kYBSfT+troD9cDA85VDnHZ1rpHC50O0g1e6WlGHVCz/g+JS+9WKLj+XwFYyR8UbrZN8ll9HUpDAAddY58MGisg==
  
  secure-json-parse@^2.4.0:
    version "2.5.0"
    resolved "https://registry.yarnpkg.com/secure-json-parse/-/secure-json-parse-2.5.0.tgz#f929829df2adc7ccfb53703569894d051493a6ac"
    integrity sha512-ZQruFgZnIWH+WyO9t5rWt4ZEGqCKPwhiw+YbzTwpmT9elgLrLcfuyUiSnwwjUiVy9r4VM3urtbNF1xmEh9IL2w==
  
  semver@^7.3.7:
    version "7.3.7"
    resolved "https://registry.yarnpkg.com/semver/-/semver-7.3.7.tgz#12c5b649afdbf9049707796e22a4028814ce523f"
    integrity sha512-QlYTucUYOews+WeEujDoEGziz4K6c47V/Bd+LjSSYcA94p+DmINdf7ncaUinThfvZyu13lN9OY1XDxt8C0Tw0g==
    dependencies:
      lru-cache "^6.0.0"
  
  send@^0.18.0:
    version "0.18.0"
    resolved "https://registry.yarnpkg.com/send/-/send-0.18.0.tgz#670167cc654b05f5aa4a767f9113bb371bc706be"
    integrity sha512-qqWzuOjSFOuqPjFe4NOsMLafToQQwBSOEpS+FwEt3A2V3vKubTquT3vmLTQpFgMXp8AlFWFuP1qKaJZOtPpVXg==
    dependencies:
      debug "2.6.9"
      depd "2.0.0"
      destroy "1.2.0"
      encodeurl "~1.0.2"
      escape-html "~1.0.3"
      etag "~1.8.1"
      fresh "0.5.2"
      http-errors "2.0.0"
      mime "1.6.0"
      ms "2.1.3"
      on-finished "2.4.1"
      range-parser "~1.2.1"
      statuses "2.0.1"
  
  set-cookie-parser@^2.4.1:
    version "2.5.1"
    resolved "https://registry.yarnpkg.com/set-cookie-parser/-/set-cookie-parser-2.5.1.tgz#ddd3e9a566b0e8e0862aca974a6ac0e01349430b"
    integrity sha512-1jeBGaKNGdEq4FgIrORu/N570dwoPYio8lSoYLWmX7sQ//0JY08Xh9o5pBcgmHQ/MbsYp/aZnOe1s1lIsbLprQ==
  
  setprototypeof@1.2.0:
    version "1.2.0"
    resolved "https://registry.yarnpkg.com/setprototypeof/-/setprototypeof-1.2.0.tgz#66c9a24a73f9fc28cbe66b09fed3d33dcaf1b424"
    integrity sha512-E5LDX7Wrp85Kil5bhZv46j8jOeboKq5JMmYM3gVGdGH8xFpPWXUMsNrlODCrkoxMEeNi/XZIwuRvY4XNwYMJpw==
  
  single-user-cache@^0.6.0:
    version "0.6.0"
    resolved "https://registry.yarnpkg.com/single-user-cache/-/single-user-cache-0.6.0.tgz#54cc8ca1034c38c4d32c200000d3ced931993599"
    integrity sha512-uMrANoiybpbsrVDbZ2M7GPzxeqZiirwkVnsDAre1zGhXAAw+2dImTxu7h0l1sIVtwGeJnVsRxgG4I5rZrUX0rw==
    dependencies:
      safe-stable-stringify "^2.0.0"
  
  sonic-boom@^3.1.0:
    version "3.2.0"
    resolved "https://registry.yarnpkg.com/sonic-boom/-/sonic-boom-3.2.0.tgz#ce9f2de7557e68be2e52c8df6d9b052e7d348143"
    integrity sha512-SbbZ+Kqj/XIunvIAgUZRlqd6CGQYq71tRRbXR92Za8J/R3Yh4Av+TWENiSiEgnlwckYLyP0YZQWVfyNC0dzLaA==
    dependencies:
      atomic-sleep "^1.0.0"
  
  split2@^4.0.0:
    version "4.1.0"
    resolved "https://registry.yarnpkg.com/split2/-/split2-4.1.0.tgz#101907a24370f85bb782f08adaabe4e281ecf809"
    integrity sha512-VBiJxFkxiXRlUIeyMQi8s4hgvKCSjtknJv/LVYbrgALPwf5zSKmEwV9Lst25AkvMDnvxODugjdl6KZgwKM1WYQ==
  
  statuses@2.0.1:
    version "2.0.1"
    resolved "https://registry.yarnpkg.com/statuses/-/statuses-2.0.1.tgz#55cb000ccf1d48728bd23c685a063998cf1a1b63"
    integrity sha512-RwNA9Z/7PrK06rYLIzFMlaF+l73iwpzsqRIFgbMLbTcLD6cOao82TaWefPXQvB2fOC4AjuYSEndS7N/mTCbkdQ==
  
  string-similarity@^4.0.1:
    version "4.0.4"
    resolved "https://registry.yarnpkg.com/string-similarity/-/string-similarity-4.0.4.tgz#42d01ab0b34660ea8a018da8f56a3309bb8b2a5b"
    integrity sha512-/q/8Q4Bl4ZKAPjj8WerIBJWALKkaPRfrvhfF8k/B23i4nzrlRj2/go1m90In7nG/3XDSbOo0+pu6RvCTM9RGMQ==
  
  thread-stream@^2.0.0:
    version "2.0.0"
    resolved "https://registry.yarnpkg.com/thread-stream/-/thread-stream-2.0.0.tgz#1ecb450324ebb1bb284d4398b8af15cb6905028c"
    integrity sha512-tnbzCbIrA4Khq5SJt/Fyz5DlE8pUnPR3//nWv+cqdRktvAl2NuC9O08HHq2Ifa10bhkvHLuzcesNjaH15EgTXA==
    dependencies:
      real-require "^0.1.0"
  
  tiny-lru@^8.0.1, tiny-lru@^8.0.2:
    version "8.0.2"
    resolved "https://registry.yarnpkg.com/tiny-lru/-/tiny-lru-8.0.2.tgz#812fccbe6e622ded552e3ff8a4c3b5ff34a85e4c"
    integrity sha512-ApGvZ6vVvTNdsmt676grvCkUCGwzG9IqXma5Z07xJgiC5L7akUMof5U8G2JTI9Rz/ovtVhJBlY6mNhEvtjzOIg==
  
  toidentifier@1.0.1:
    version "1.0.1"
    resolved "https://registry.yarnpkg.com/toidentifier/-/toidentifier-1.0.1.tgz#3be34321a88a820ed1bd80dfaa33e479fbb8dd35"
    integrity sha512-o5sSPKEkg/DIQNmH43V0/uerLrpzVedkUh8tGNvaeXpfpuwjKenlSox/2O/BTlZUtEe+JG7s5YhEz608PlAHRA==
  
  tslib@^1.11.1:
    version "1.14.1"
    resolved "https://registry.yarnpkg.com/tslib/-/tslib-1.14.1.tgz#cf2d38bdc34a134bcaf1091c41f6619e2f672d00"
    integrity sha512-Xni35NKzjgMrwevysHTCArtLDpPvye8zV/0E4EyYn43P7/7qvQwPh9BGkHewbMulVntbigmcT7rdX3BNo9wRJg==
  
  tslib@^2.3.1, tslib@^2.4.0:
    version "2.4.0"
    resolved "https://registry.yarnpkg.com/tslib/-/tslib-2.4.0.tgz#7cecaa7f073ce680a05847aa77be941098f36dc3"
    integrity sha512-d6xOpEDfsi2CZVlPQzGeux8XMwLT9hssAsaPYExaQMuYskwb+x1x7J371tWlbBdWHroy99KnVB6qIkUbs5X3UQ==
  
  undici@^5.0.0:
    version "5.8.0"
    resolved "https://registry.yarnpkg.com/undici/-/undici-5.8.0.tgz#dec9a8ccd90e5a1d81d43c0eab6503146d649a4f"
    integrity sha512-1F7Vtcez5w/LwH2G2tGnFIihuWUlc58YidwLiCv+jR2Z50x0tNXpRRw7eOIJ+GvqCqIkg9SB7NWAJ/T9TLfv8Q==
  
  uri-js@^4.2.2:
    version "4.4.1"
    resolved "https://registry.yarnpkg.com/uri-js/-/uri-js-4.4.1.tgz#9b1a52595225859e55f669d928f88c6c57f2a77e"
    integrity sha512-7rKUyy33Q1yc98pQ1DAmLtwX109F7TIfWlW1Ydo8Wl1ii1SeHieeh0HHfPeL2fMXK6z0s8ecKs9frCuLJvndBg==
    dependencies:
      punycode "^2.1.0"
  
  uuid@^8.3.2:
    version "8.3.2"
    resolved "https://registry.yarnpkg.com/uuid/-/uuid-8.3.2.tgz#80d5b5ced271bb9af6c445f21a1a04c606cefbe2"
    integrity sha512-+NYs2QeMWy+GWFOEm9xnn6HCDp0l7QBD7ml8zLUmJ+93Q5NF0NocErnwkTkXVFNiX3/fpC6afS8Dhb/gz7R7eg==
  
  value-or-promise@1.0.11:
    version "1.0.11"
    resolved "https://registry.yarnpkg.com/value-or-promise/-/value-or-promise-1.0.11.tgz#3e90299af31dd014fe843fe309cefa7c1d94b140"
    integrity sha512-41BrgH+dIbCFXClcSapVs5M6GkENd3gQOJpEfPDNa71LsUGMXDL0jMWpI/Rh7WhX+Aalfz2TTS3Zt5pUsbnhLg==
  
  wrappy@1:
    version "1.0.2"
    resolved "https://registry.yarnpkg.com/wrappy/-/wrappy-1.0.2.tgz#b5243d8f3ec1aa35f1364605bc0d1036e30ab69f"
    integrity sha512-l4Sp/DRseor9wL6EvV2+TuQn63dMkPjZ/sp9XkghTEbV9KlPS1xUsZ3u7/IQO4wxtcFB4bgpQPRcR3QCvezPcQ==
  
  ws@^8.0.0, ws@^8.2.2:
    version "8.8.1"
    resolved "https://registry.yarnpkg.com/ws/-/ws-8.8.1.tgz#5dbad0feb7ade8ecc99b830c1d77c913d4955ff0"
    integrity sha512-bGy2JzvzkPowEJV++hF07hAD6niYSr0JzBNo/J29WsB57A2r7Wlc1UFcTR9IzrPvuNVO4B8LGqF8qcpsVOhJCA==
  
  xtend@^4.0.2:
    version "4.0.2"
    resolved "https://registry.yarnpkg.com/xtend/-/xtend-4.0.2.tgz#bb72779f5fa465186b1f438f674fa347fdb5db54"
    integrity sha512-LKYU1iAXJXUgAXn9URjiu+MWhyUXHsvfp7mcuYm9dSUKK0/CjtrUwFAxD82/mCWbtLsGjFIad0wIsod4zrTAEQ==
  
  yallist@^4.0.0:
    version "4.0.0"
    resolved "https://registry.yarnpkg.com/yallist/-/yallist-4.0.0.tgz#9bb92790d9c0effec63be73519e11a35019a3a72"
    integrity sha512-3wdGidZyq5PB084XLES5TpOSRA3wjXAlIWMhum2kRcv/41Sn2emQ0dycQW4uZXLejwKvg6EsvbdlVL+FYEct7A==
  
  yocto-queue@^0.1.0:
    version "0.1.0"
    resolved "https://registry.yarnpkg.com/yocto-queue/-/yocto-queue-0.1.0.tgz#0294eb3dee05028d31ee1a5fa2c556a6aaf10a1b"
    integrity sha512-rVksvsnNCdJ/ohGc6xgPwyN8eheCxsiLM8mxuE/t/mOVqJewPuO1miLpTHQiRgTKCLexL4MeAFVagts7HmNZ2Q==
